ARM GAS  C:\Users\user\AppData\Local\Temp\cc9cBe2N.s 			page 1


   1              		.cpu cortex-m4
   2              		.arch armv7e-m
   3              		.fpu fpv4-sp-d16
   4              		.eabi_attribute 27, 1
   5              		.eabi_attribute 28, 1
   6              		.eabi_attribute 20, 1
   7              		.eabi_attribute 21, 1
   8              		.eabi_attribute 23, 3
   9              		.eabi_attribute 24, 1
  10              		.eabi_attribute 25, 1
  11              		.eabi_attribute 26, 1
  12              		.eabi_attribute 30, 1
  13              		.eabi_attribute 34, 1
  14              		.eabi_attribute 18, 4
  15              		.file	"delay.c"
  16              		.text
  17              	.Ltext0:
  18              		.cfi_sections	.debug_frame
  19              		.file 1 "Core/Src/delay.c"
  20              		.section	.text.delay_us,"ax",%progbits
  21              		.align	1
  22              		.global	delay_us
  23              		.syntax unified
  24              		.thumb
  25              		.thumb_func
  27              	delay_us:
  28              	.LVL0:
  29              	.LFB134:
   1:Core/Src/delay.c **** #include "delay.h"
   2:Core/Src/delay.c **** #include "tim.h"
   3:Core/Src/delay.c **** 
   4:Core/Src/delay.c **** void delay_us(uint16_t us)
   5:Core/Src/delay.c **** {
  30              		.loc 1 5 1 view -0
  31              		.cfi_startproc
  32              		@ args = 0, pretend = 0, frame = 0
  33              		@ frame_needed = 0, uses_anonymous_args = 0
  34              		@ link register save eliminated.
   6:Core/Src/delay.c ****     __HAL_TIM_SET_COUNTER(&htim11, 0);
  35              		.loc 1 6 5 view .LVU1
  36 0000 034B     		ldr	r3, .L3
  37 0002 1A68     		ldr	r2, [r3]
  38 0004 0023     		movs	r3, #0
  39 0006 5362     		str	r3, [r2, #36]
   7:Core/Src/delay.c ****     while ((__HAL_TIM_GET_COUNTER(&htim11)) < us);
  40              		.loc 1 7 5 view .LVU2
  41              	.L2:
  42              		.loc 1 7 45 discriminator 1 view .LVU3
  43              		.loc 1 7 13 is_stmt 0 discriminator 1 view .LVU4
  44 0008 536A     		ldr	r3, [r2, #36]
  45              		.loc 1 7 45 discriminator 1 view .LVU5
  46 000a 8342     		cmp	r3, r0
  47 000c FCD3     		bcc	.L2
   8:Core/Src/delay.c **** }...
  48              		.loc 1 8 1 view .LVU6
  49 000e 7047     		bx	lr
  50              	.L4:
ARM GAS  C:\Users\user\AppData\Local\Temp\cc9cBe2N.s 			page 2


  51              		.align	2
  52              	.L3:
  53 0010 00000000 		.word	htim11
  54              		.cfi_endproc
  55              	.LFE134:
  57              		.text
  58              	.Letext0:
  59              		.file 2 "C:\\ST\\STM32CubeIDE_2.1.0\\STM32CubeIDE\\plugins\\com.st.stm32cube.ide.mcu.externaltools
  60              		.file 3 "C:\\ST\\STM32CubeIDE_2.1.0\\STM32CubeIDE\\plugins\\com.st.stm32cube.ide.mcu.externaltools
  61              		.file 4 "Drivers/CMSIS/Device/ST/STM32F4xx/Include/stm32f411xe.h"
  62              		.file 5 "Drivers/STM32F4xx_HAL_Driver/Inc/stm32f4xx_hal_def.h"
  63              		.file 6 "Drivers/STM32F4xx_HAL_Driver/Inc/stm32f4xx_hal_dma.h"
  64              		.file 7 "Drivers/STM32F4xx_HAL_Driver/Inc/stm32f4xx_hal_tim.h"
  65              		.file 8 "Core/Inc/tim.h"
ARM GAS  C:\Users\user\AppData\Local\Temp\cc9cBe2N.s 			page 3


DEFINED SYMBOLS
                            *ABS*:00000000 delay.c
C:\Users\user\AppData\Local\Temp\cc9cBe2N.s:21     .text.delay_us:00000000 $t
C:\Users\user\AppData\Local\Temp\cc9cBe2N.s:27     .text.delay_us:00000000 delay_us
C:\Users\user\AppData\Local\Temp\cc9cBe2N.s:53     .text.delay_us:00000010 $d
                           .group:00000000 wm4.0.3e3bd4fae48ed4285b9fe9ad79008a8e
                           .group:00000000 wm4.stm32f4xx_hal_conf.h.25.0e66e2bdd1e693edb8cfdc624d1a6bd4
                           .group:00000000 wm4.stm32f4xx.h.38.63e3ea23bd63a94457417730025259b6
                           .group:00000000 wm4.stm32f411xe.h.34.f2908321cbbda12187706c23063bbc28
                           .group:00000000 wm4._newlib_version.h.4.0eb654b64686e2bd29646258853f6c22
                           .group:00000000 wm4.features.h.33.d554620bb17bd3b714c3fb5c268772bc
                           .group:00000000 wm4._default_types.h.15.247e5cd201eca3442cbf5404108c4935
                           .group:00000000 wm4._intsup.h.10.48bafbb683905c4daa4565a85aeeb264
                           .group:00000000 wm4._stdint.h.10.c24fa3af3bc1706662bb5593a907e841
                           .group:00000000 wm4.stdint.h.23.d53047a68f4a85177f80b422d52785ed
                           .group:00000000 wm4.cmsis_version.h.32.0ac195c83bb4537824e6ad1c47474b79
                           .group:00000000 wm4.core_cm4.h.66.e4ff136c4a17abc46741866f64f8e729
                           .group:00000000 wm4.cmsis_gcc.h.26.498d0ad17a45fc9ef20fdc01caf02259
                           .group:00000000 wm4.core_cm4.h.174.62be9b4588d49bed18171771001331df
                           .group:00000000 wm4.mpu_armv7.h.32.83326921a797fa9d6f70449916b4b839
                           .group:00000000 wm4.stm32f411xe.h.636.37cf950cfbbaac9e193dbe2b79c3e749
                           .group:00000000 wm4.stm32f4xx.h.195.a4b8bf80f37cc96981498656ffe5f588
                           .group:00000000 wm4.stm32_hal_legacy.h.22.8b7d303dc46a0b7ac6d3edf19ce2608d
                           .group:00000000 wm4.stddef.h.39.811583f327f35b0df7808fda70b062a0
                           .group:00000000 wm4.stm32f4xx_hal_def.h.58.3cb484e92e5ccf2e55312a4714e27917
                           .group:00000000 wm4.stm32f4xx_hal_rcc_ex.h.20.6bc7ed2ae7969e22afc815a811faa8ee
                           .group:00000000 wm4.stm32f4xx_hal_rcc.h.106.0887cf5d985ae88e345b0aed0ceb4729
                           .group:00000000 wm4.stm32f4xx_hal_gpio.h.21.22da6a14b6049d6ac156577be74df1d7
                           .group:00000000 wm4.stm32f4xx_hal_gpio_ex.h.21.985b1076fbcb2c3eb806d02fd771d120
                           .group:00000000 wm4.stm32f4xx_hal_gpio.h.254.d7e07832f748fe8bcb575db0b8373592
                           .group:00000000 wm4.stm32f4xx_hal_exti.h.21.2ccac119fb1c64adeb682c3dcad90241
                           .group:00000000 wm4.stm32f4xx_hal_dma.h.21.8e4b1421c914345c23be719e5e528779
                           .group:00000000 wm4.stm32f4xx_hal_dma.h.720.ac2d7eef74792e4026acc4d2923c5da4
                           .group:00000000 wm4.stm32f4xx_hal_cortex.h.20.03673e4f79386680bf73ba399c19306b
                           .group:00000000 wm4.stm32f4xx_hal_flash.h.20.2f1e0d1b7010b3a81a7980aaf712e7e5
                           .group:00000000 wm4.stm32f4xx_hal_flash_ex.h.20.2abe4a01ce8028804a922735defa62fd
                           .group:00000000 wm4.stm32f4xx_hal_flash.h.361.23bc19b9eac79b0956d913651841ede8
                           .group:00000000 wm4.stm32f4xx_hal_i2c.h.21.147e96a27b1f7b1f2f8ee22132703ee3
                           .group:00000000 wm4.stm32f4xx_hal_i2c_ex.h.21.951ef5bfa13cf131d2015c338e82e461
                           .group:00000000 wm4.stm32f4xx_hal_i2c.h.647.ade9c3447780b1cc0ece02f0ce83aedc
                           .group:00000000 wm4.stm32f4xx_hal_iwdg.h.21.6227ccfbb99238d6637d6fd22341e211
                           .group:00000000 wm4.stm32f4xx_hal_pwr.h.20.1905a0783a9c83adefd7df0c4b501e40
                           .group:00000000 wm4.stm32f4xx_hal_pwr_ex.h.20.68994c4c23e76d9aeabea12988d5ec3f
                           .group:00000000 wm4.stm32f4xx_hal_pwr.h.338.debc0a4a62ba54688e63ab53dd99c4ea
                           .group:00000000 wm4.stm32f4xx_hal_tim.h.21.c31cbc03c25f07a932427770396c59d2
                           .group:00000000 wm4.stm32f4xx_hal_tim_ex.h.21.918fa7fcd405cc3ba11632ed1d07a240
                           .group:00000000 wm4.stm32f4xx_hal_uart.h.21.ba8e24dd05c77faac3f3d48472e636ba
                           .group:00000000 wm4.stm32f4xx_hal.h.71.02372bc31d47d29d3f67fbfe1429649e
                           .group:00000000 wm4.main.h.60.43ab73d02ecae73036be54daa58e8549

UNDEFINED SYMBOLS
htim11
