ARM GAS  /tmp/ccLjM2rJ.s 			page 1


   1              		.cpu cortex-m4
   2              		.arch armv7e-m
   3              		.fpu fpv4-sp-d16
   4              		.eabi_attribute 27, 1
   5              		.eabi_attribute 28, 1
   6              		.eabi_attribute 20, 1
   7              		.eabi_attribute 21, 1
   8              		.eabi_attribute 23, 3
   9              		.eabi_attribute 24, 1
  10              		.eabi_attribute 25, 1
  11              		.eabi_attribute 26, 1
  12              		.eabi_attribute 30, 1
  13              		.eabi_attribute 34, 1
  14              		.eabi_attribute 18, 4
  15              		.file	"gpio.c"
  16              		.text
  17              	.Ltext0:
  18              		.cfi_sections	.debug_frame
  19              		.file 1 "Core/Src/gpio.c"
  20              		.section	.text.MX_GPIO_Init,"ax",%progbits
  21              		.align	1
  22              		.global	MX_GPIO_Init
  23              		.syntax unified
  24              		.thumb
  25              		.thumb_func
  27              	MX_GPIO_Init:
  28              	.LFB134:
   1:Core/Src/gpio.c **** /* USER CODE BEGIN Header */
   2:Core/Src/gpio.c **** /**
   3:Core/Src/gpio.c ****   ******************************************************************************
   4:Core/Src/gpio.c ****   * @file    gpio.c
   5:Core/Src/gpio.c ****   * @brief   This file provides code for the configuration
   6:Core/Src/gpio.c ****   *          of all used GPIO pins.
   7:Core/Src/gpio.c ****   ******************************************************************************
   8:Core/Src/gpio.c ****   * @attention
   9:Core/Src/gpio.c ****   *
  10:Core/Src/gpio.c ****   * Copyright (c) 2026 STMicroelectronics.
  11:Core/Src/gpio.c ****   * All rights reserved.
  12:Core/Src/gpio.c ****   *
  13:Core/Src/gpio.c ****   * This software is licensed under terms that can be found in the LICENSE file
  14:Core/Src/gpio.c ****   * in the root directory of this software component.
  15:Core/Src/gpio.c ****   * If no LICENSE file comes with this software, it is provided AS-IS.
  16:Core/Src/gpio.c ****   *
  17:Core/Src/gpio.c ****   ******************************************************************************
  18:Core/Src/gpio.c ****   */
  19:Core/Src/gpio.c **** /* USER CODE END Header */
  20:Core/Src/gpio.c **** 
  21:Core/Src/gpio.c **** /* Includes ------------------------------------------------------------------*/
  22:Core/Src/gpio.c **** #include "gpio.h"
  23:Core/Src/gpio.c **** 
  24:Core/Src/gpio.c **** /* USER CODE BEGIN 0 */
  25:Core/Src/gpio.c **** 
  26:Core/Src/gpio.c **** /* USER CODE END 0 */
  27:Core/Src/gpio.c **** 
  28:Core/Src/gpio.c **** /*----------------------------------------------------------------------------*/
  29:Core/Src/gpio.c **** /* Configure GPIO                                                             */
  30:Core/Src/gpio.c **** /*----------------------------------------------------------------------------*/
ARM GAS  /tmp/ccLjM2rJ.s 			page 2


  31:Core/Src/gpio.c **** /* USER CODE BEGIN 1 */
  32:Core/Src/gpio.c **** 
  33:Core/Src/gpio.c **** /* USER CODE END 1 */
  34:Core/Src/gpio.c **** 
  35:Core/Src/gpio.c **** /** Configure pins as
  36:Core/Src/gpio.c ****         * Analog
  37:Core/Src/gpio.c ****         * Input
  38:Core/Src/gpio.c ****         * Output
  39:Core/Src/gpio.c ****         * EVENT_OUT
  40:Core/Src/gpio.c ****         * EXTI
  41:Core/Src/gpio.c **** */
  42:Core/Src/gpio.c **** void MX_GPIO_Init(void)
  43:Core/Src/gpio.c **** {
  29              		.loc 1 43 1 view -0
  30              		.cfi_startproc
  31              		@ args = 0, pretend = 0, frame = 32
  32              		@ frame_needed = 0, uses_anonymous_args = 0
  33 0000 F0B5     		push	{r4, r5, r6, r7, lr}
  34              	.LCFI0:
  35              		.cfi_def_cfa_offset 20
  36              		.cfi_offset 4, -20
  37              		.cfi_offset 5, -16
  38              		.cfi_offset 6, -12
  39              		.cfi_offset 7, -8
  40              		.cfi_offset 14, -4
  41 0002 89B0     		sub	sp, sp, #36
  42              	.LCFI1:
  43              		.cfi_def_cfa_offset 56
  44:Core/Src/gpio.c **** 
  45:Core/Src/gpio.c ****   GPIO_InitTypeDef GPIO_InitStruct = {0};
  44              		.loc 1 45 3 view .LVU1
  45              		.loc 1 45 20 is_stmt 0 view .LVU2
  46 0004 0024     		movs	r4, #0
  47 0006 0394     		str	r4, [sp, #12]
  48 0008 0494     		str	r4, [sp, #16]
  49 000a 0594     		str	r4, [sp, #20]
  50 000c 0694     		str	r4, [sp, #24]
  51 000e 0794     		str	r4, [sp, #28]
  46:Core/Src/gpio.c **** 
  47:Core/Src/gpio.c ****   /* GPIO Ports Clock Enable */
  48:Core/Src/gpio.c ****   __HAL_RCC_GPIOH_CLK_ENABLE();
  52              		.loc 1 48 3 is_stmt 1 view .LVU3
  53              	.LBB2:
  54              		.loc 1 48 3 view .LVU4
  55 0010 0094     		str	r4, [sp]
  56              		.loc 1 48 3 view .LVU5
  57 0012 2C4B     		ldr	r3, .L3
  58 0014 1A6B     		ldr	r2, [r3, #48]
  59 0016 42F08002 		orr	r2, r2, #128
  60 001a 1A63     		str	r2, [r3, #48]
  61              		.loc 1 48 3 view .LVU6
  62 001c 1A6B     		ldr	r2, [r3, #48]
  63 001e 02F08002 		and	r2, r2, #128
  64 0022 0092     		str	r2, [sp]
  65              		.loc 1 48 3 view .LVU7
  66 0024 009A     		ldr	r2, [sp]
  67              	.LBE2:
ARM GAS  /tmp/ccLjM2rJ.s 			page 3


  68              		.loc 1 48 3 view .LVU8
  49:Core/Src/gpio.c ****   __HAL_RCC_GPIOA_CLK_ENABLE();
  69              		.loc 1 49 3 view .LVU9
  70              	.LBB3:
  71              		.loc 1 49 3 view .LVU10
  72 0026 0194     		str	r4, [sp, #4]
  73              		.loc 1 49 3 view .LVU11
  74 0028 1A6B     		ldr	r2, [r3, #48]
  75 002a 42F00102 		orr	r2, r2, #1
  76 002e 1A63     		str	r2, [r3, #48]
  77              		.loc 1 49 3 view .LVU12
  78 0030 1A6B     		ldr	r2, [r3, #48]
  79 0032 02F00102 		and	r2, r2, #1
  80 0036 0192     		str	r2, [sp, #4]
  81              		.loc 1 49 3 view .LVU13
  82 0038 019A     		ldr	r2, [sp, #4]
  83              	.LBE3:
  84              		.loc 1 49 3 view .LVU14
  50:Core/Src/gpio.c ****   __HAL_RCC_GPIOB_CLK_ENABLE();
  85              		.loc 1 50 3 view .LVU15
  86              	.LBB4:
  87              		.loc 1 50 3 view .LVU16
  88 003a 0294     		str	r4, [sp, #8]
  89              		.loc 1 50 3 view .LVU17
  90 003c 1A6B     		ldr	r2, [r3, #48]
  91 003e 42F00202 		orr	r2, r2, #2
  92 0042 1A63     		str	r2, [r3, #48]
  93              		.loc 1 50 3 view .LVU18
  94 0044 1B6B     		ldr	r3, [r3, #48]
  95 0046 03F00203 		and	r3, r3, #2
  96 004a 0293     		str	r3, [sp, #8]
  97              		.loc 1 50 3 view .LVU19
  98 004c 029B     		ldr	r3, [sp, #8]
  99              	.LBE4:
 100              		.loc 1 50 3 view .LVU20
  51:Core/Src/gpio.c **** 
  52:Core/Src/gpio.c ****   /*Configure GPIO pin Output Level */
  53:Core/Src/gpio.c ****   HAL_GPIO_WritePin(GPIOA, TOF_LEFT_XSHUT_Pin|TOF_RIGHT_XSHUT_Pin|TRIG_FRONT_Pin, GPIO_PIN_RESET);
 101              		.loc 1 53 3 view .LVU21
 102 004e 1E4F     		ldr	r7, .L3+4
 103 0050 2246     		mov	r2, r4
 104 0052 2621     		movs	r1, #38
 105 0054 3846     		mov	r0, r7
 106 0056 FFF7FEFF 		bl	HAL_GPIO_WritePin
 107              	.LVL0:
  54:Core/Src/gpio.c **** 
  55:Core/Src/gpio.c ****   /*Configure GPIO pin Output Level */
  56:Core/Src/gpio.c ****   HAL_GPIO_WritePin(IMU_RST_GPIO_Port, IMU_RST_Pin, GPIO_PIN_SET);
 108              		.loc 1 56 3 view .LVU22
 109 005a 1C4D     		ldr	r5, .L3+8
 110 005c 0122     		movs	r2, #1
 111 005e 0221     		movs	r1, #2
 112 0060 2846     		mov	r0, r5
 113 0062 FFF7FEFF 		bl	HAL_GPIO_WritePin
 114              	.LVL1:
  57:Core/Src/gpio.c **** 
  58:Core/Src/gpio.c ****   /*Configure GPIO pin Output Level */
ARM GAS  /tmp/ccLjM2rJ.s 			page 4


  59:Core/Src/gpio.c ****   HAL_GPIO_WritePin(GPIOB, Input1_Pin|Input2_Pin|Input3_Pin|Input4_Pin, GPIO_PIN_RESET);
 115              		.loc 1 59 3 view .LVU23
 116 0066 2246     		mov	r2, r4
 117 0068 4FF47041 		mov	r1, #61440
 118 006c 2846     		mov	r0, r5
 119 006e FFF7FEFF 		bl	HAL_GPIO_WritePin
 120              	.LVL2:
  60:Core/Src/gpio.c **** 
  61:Core/Src/gpio.c ****   /*Configure GPIO pin : IMU_INT_Pin */
  62:Core/Src/gpio.c ****   GPIO_InitStruct.Pin = IMU_INT_Pin;
 121              		.loc 1 62 3 view .LVU24
 122              		.loc 1 62 23 is_stmt 0 view .LVU25
 123 0072 0126     		movs	r6, #1
 124 0074 0396     		str	r6, [sp, #12]
  63:Core/Src/gpio.c ****   GPIO_InitStruct.Mode = GPIO_MODE_IT_RISING;
 125              		.loc 1 63 3 is_stmt 1 view .LVU26
 126              		.loc 1 63 24 is_stmt 0 view .LVU27
 127 0076 4FF48813 		mov	r3, #1114112
 128 007a 0493     		str	r3, [sp, #16]
  64:Core/Src/gpio.c ****   GPIO_InitStruct.Pull = GPIO_PULLDOWN;
 129              		.loc 1 64 3 is_stmt 1 view .LVU28
 130              		.loc 1 64 24 is_stmt 0 view .LVU29
 131 007c 0223     		movs	r3, #2
 132 007e 0593     		str	r3, [sp, #20]
  65:Core/Src/gpio.c ****   HAL_GPIO_Init(IMU_INT_GPIO_Port, &GPIO_InitStruct);
 133              		.loc 1 65 3 is_stmt 1 view .LVU30
 134 0080 03A9     		add	r1, sp, #12
 135 0082 3846     		mov	r0, r7
 136 0084 FFF7FEFF 		bl	HAL_GPIO_Init
 137              	.LVL3:
  66:Core/Src/gpio.c **** 
  67:Core/Src/gpio.c ****   /*Configure GPIO pins : TOF_LEFT_XSHUT_Pin TOF_RIGHT_XSHUT_Pin TRIG_FRONT_Pin */
  68:Core/Src/gpio.c ****   GPIO_InitStruct.Pin = TOF_LEFT_XSHUT_Pin|TOF_RIGHT_XSHUT_Pin|TRIG_FRONT_Pin;
 138              		.loc 1 68 3 view .LVU31
 139              		.loc 1 68 23 is_stmt 0 view .LVU32
 140 0088 2623     		movs	r3, #38
 141 008a 0393     		str	r3, [sp, #12]
  69:Core/Src/gpio.c ****   GPIO_InitStruct.Mode = GPIO_MODE_OUTPUT_PP;
 142              		.loc 1 69 3 is_stmt 1 view .LVU33
 143              		.loc 1 69 24 is_stmt 0 view .LVU34
 144 008c 0496     		str	r6, [sp, #16]
  70:Core/Src/gpio.c ****   GPIO_InitStruct.Pull = GPIO_NOPULL;
 145              		.loc 1 70 3 is_stmt 1 view .LVU35
 146              		.loc 1 70 24 is_stmt 0 view .LVU36
 147 008e 0594     		str	r4, [sp, #20]
  71:Core/Src/gpio.c ****   GPIO_InitStruct.Speed = GPIO_SPEED_FREQ_LOW;
 148              		.loc 1 71 3 is_stmt 1 view .LVU37
 149              		.loc 1 71 25 is_stmt 0 view .LVU38
 150 0090 0694     		str	r4, [sp, #24]
  72:Core/Src/gpio.c ****   HAL_GPIO_Init(GPIOA, &GPIO_InitStruct);
 151              		.loc 1 72 3 is_stmt 1 view .LVU39
 152 0092 03A9     		add	r1, sp, #12
 153 0094 3846     		mov	r0, r7
 154 0096 FFF7FEFF 		bl	HAL_GPIO_Init
 155              	.LVL4:
  73:Core/Src/gpio.c **** 
  74:Core/Src/gpio.c ****   /*Configure GPIO pins : IMU_RST_Pin Input1_Pin Input2_Pin Input3_Pin
ARM GAS  /tmp/ccLjM2rJ.s 			page 5


  75:Core/Src/gpio.c ****                            Input4_Pin */
  76:Core/Src/gpio.c ****   GPIO_InitStruct.Pin = IMU_RST_Pin|Input1_Pin|Input2_Pin|Input3_Pin
 156              		.loc 1 76 3 view .LVU40
 157              		.loc 1 76 23 is_stmt 0 view .LVU41
 158 009a 4FF20203 		movw	r3, #61442
 159 009e 0393     		str	r3, [sp, #12]
  77:Core/Src/gpio.c ****                           |Input4_Pin;
  78:Core/Src/gpio.c ****   GPIO_InitStruct.Mode = GPIO_MODE_OUTPUT_PP;
 160              		.loc 1 78 3 is_stmt 1 view .LVU42
 161              		.loc 1 78 24 is_stmt 0 view .LVU43
 162 00a0 0496     		str	r6, [sp, #16]
  79:Core/Src/gpio.c ****   GPIO_InitStruct.Pull = GPIO_NOPULL;
 163              		.loc 1 79 3 is_stmt 1 view .LVU44
 164              		.loc 1 79 24 is_stmt 0 view .LVU45
 165 00a2 0594     		str	r4, [sp, #20]
  80:Core/Src/gpio.c ****   GPIO_InitStruct.Speed = GPIO_SPEED_FREQ_LOW;
 166              		.loc 1 80 3 is_stmt 1 view .LVU46
 167              		.loc 1 80 25 is_stmt 0 view .LVU47
 168 00a4 0694     		str	r4, [sp, #24]
  81:Core/Src/gpio.c ****   HAL_GPIO_Init(GPIOB, &GPIO_InitStruct);
 169              		.loc 1 81 3 is_stmt 1 view .LVU48
 170 00a6 03A9     		add	r1, sp, #12
 171 00a8 2846     		mov	r0, r5
 172 00aa FFF7FEFF 		bl	HAL_GPIO_Init
 173              	.LVL5:
  82:Core/Src/gpio.c **** 
  83:Core/Src/gpio.c ****   /* EXTI interrupt init*/
  84:Core/Src/gpio.c ****   HAL_NVIC_SetPriority(EXTI0_IRQn, 5, 0);
 174              		.loc 1 84 3 view .LVU49
 175 00ae 2246     		mov	r2, r4
 176 00b0 0521     		movs	r1, #5
 177 00b2 0620     		movs	r0, #6
 178 00b4 FFF7FEFF 		bl	HAL_NVIC_SetPriority
 179              	.LVL6:
  85:Core/Src/gpio.c ****   HAL_NVIC_EnableIRQ(EXTI0_IRQn);
 180              		.loc 1 85 3 view .LVU50
 181 00b8 0620     		movs	r0, #6
 182 00ba FFF7FEFF 		bl	HAL_NVIC_EnableIRQ
 183              	.LVL7:
  86:Core/Src/gpio.c **** 
  87:Core/Src/gpio.c **** }
 184              		.loc 1 87 1 is_stmt 0 view .LVU51
 185 00be 09B0     		add	sp, sp, #36
 186              	.LCFI2:
 187              		.cfi_def_cfa_offset 20
 188              		@ sp needed
 189 00c0 F0BD     		pop	{r4, r5, r6, r7, pc}
 190              	.L4:
 191 00c2 00BF     		.align	2
 192              	.L3:
 193 00c4 00380240 		.word	1073887232
 194 00c8 00000240 		.word	1073872896
 195 00cc 00040240 		.word	1073873920
 196              		.cfi_endproc
 197              	.LFE134:
 199              		.text
 200              	.Letext0:
ARM GAS  /tmp/ccLjM2rJ.s 			page 6


 201              		.file 2 "Drivers/CMSIS/Device/ST/STM32F4xx/Include/stm32f411xe.h"
 202              		.file 3 "/usr/lib/gcc/arm-none-eabi/13.2.1/include/stdint.h"
 203              		.file 4 "Drivers/STM32F4xx_HAL_Driver/Inc/stm32f4xx_hal_gpio.h"
 204              		.file 5 "Drivers/STM32F4xx_HAL_Driver/Inc/stm32f4xx_hal_cortex.h"
ARM GAS  /tmp/ccLjM2rJ.s 			page 7


DEFINED SYMBOLS
                            *ABS*:00000000 gpio.c
     /tmp/ccLjM2rJ.s:21     .text.MX_GPIO_Init:00000000 $t
     /tmp/ccLjM2rJ.s:27     .text.MX_GPIO_Init:00000000 MX_GPIO_Init
     /tmp/ccLjM2rJ.s:193    .text.MX_GPIO_Init:000000c4 $d
                           .group:00000000 wm4.0.2990dd1d9de167bdf17825c6c7518e18
                           .group:00000000 wm4.stm32f4xx_hal_conf.h.25.0e66e2bdd1e693edb8cfdc624d1a6bd4
                           .group:00000000 wm4.stm32f4xx.h.38.63e3ea23bd63a94457417730025259b6
                           .group:00000000 wm4.stm32f411xe.h.34.f2908321cbbda12187706c23063bbc28
                           .group:00000000 wm4.stdint.h.29.6d480f4ba0f60596e88234283d42444f
                           .group:00000000 wm4.cmsis_version.h.32.0ac195c83bb4537824e6ad1c47474b79
                           .group:00000000 wm4.core_cm4.h.66.e4ff136c4a17abc46741866f64f8e729
                           .group:00000000 wm4.cmsis_gcc.h.26.498d0ad17a45fc9ef20fdc01caf02259
                           .group:00000000 wm4.core_cm4.h.174.62be9b4588d49bed18171771001331df
                           .group:00000000 wm4.mpu_armv7.h.32.83326921a797fa9d6f70449916b4b839
                           .group:00000000 wm4.stm32f411xe.h.636.37cf950cfbbaac9e193dbe2b79c3e749
                           .group:00000000 wm4.stm32f4xx.h.195.a4b8bf80f37cc96981498656ffe5f588
                           .group:00000000 wm4.stm32_hal_legacy.h.22.8b7d303dc46a0b7ac6d3edf19ce2608d
                           .group:00000000 wm4.stddef.h.39.0dc9006b34572d4d9cae4c8b422c4971
                           .group:00000000 wm4.stm32f4xx_hal_def.h.58.3cb484e92e5ccf2e55312a4714e27917
                           .group:00000000 wm4.stm32f4xx_hal_rcc_ex.h.20.6bc7ed2ae7969e22afc815a811faa8ee
                           .group:00000000 wm4.stm32f4xx_hal_rcc.h.106.0887cf5d985ae88e345b0aed0ceb4729
                           .group:00000000 wm4.stm32f4xx_hal_gpio.h.21.22da6a14b6049d6ac156577be74df1d7
                           .group:00000000 wm4.stm32f4xx_hal_gpio_ex.h.21.985b1076fbcb2c3eb806d02fd771d120
                           .group:00000000 wm4.stm32f4xx_hal_gpio.h.254.d7e07832f748fe8bcb575db0b8373592
                           .group:00000000 wm4.stm32f4xx_hal_exti.h.21.2ccac119fb1c64adeb682c3dcad90241
                           .group:00000000 wm4.stm32f4xx_hal_dma.h.21.8e4b1421c914345c23be719e5e528779
                           .group:00000000 wm4.stm32f4xx_hal_dma.h.720.ac2d7eef74792e4026acc4d2923c5da4
                           .group:00000000 wm4.stm32f4xx_hal_cortex.h.20.03673e4f79386680bf73ba399c19306b
                           .group:00000000 wm4.stm32f4xx_hal_flash.h.20.2f1e0d1b7010b3a81a7980aaf712e7e5
                           .group:00000000 wm4.stm32f4xx_hal_flash_ex.h.20.2abe4a01ce8028804a922735defa62fd
                           .group:00000000 wm4.stm32f4xx_hal_flash.h.361.23bc19b9eac79b0956d913651841ede8
                           .group:00000000 wm4.stm32f4xx_hal_i2c.h.21.147e96a27b1f7b1f2f8ee22132703ee3
                           .group:00000000 wm4.stm32f4xx_hal_i2c_ex.h.21.951ef5bfa13cf131d2015c338e82e461
                           .group:00000000 wm4.stm32f4xx_hal_i2c.h.647.ade9c3447780b1cc0ece02f0ce83aedc
                           .group:00000000 wm4.stm32f4xx_hal_iwdg.h.21.6227ccfbb99238d6637d6fd22341e211
                           .group:00000000 wm4.stm32f4xx_hal_pwr.h.20.1905a0783a9c83adefd7df0c4b501e40
                           .group:00000000 wm4.stm32f4xx_hal_pwr_ex.h.20.68994c4c23e76d9aeabea12988d5ec3f
                           .group:00000000 wm4.stm32f4xx_hal_pwr.h.338.debc0a4a62ba54688e63ab53dd99c4ea
                           .group:00000000 wm4.stm32f4xx_hal_tim.h.21.c31cbc03c25f07a932427770396c59d2
                           .group:00000000 wm4.stm32f4xx_hal_tim_ex.h.21.918fa7fcd405cc3ba11632ed1d07a240
                           .group:00000000 wm4.stm32f4xx_hal_uart.h.21.ba8e24dd05c77faac3f3d48472e636ba
                           .group:00000000 wm4.stm32f4xx_hal.h.71.02372bc31d47d29d3f67fbfe1429649e
                           .group:00000000 wm4.main.h.66.d4d281037744f6f3dbef7ed1ab6c26f3

UNDEFINED SYMBOLS
HAL_GPIO_WritePin
HAL_GPIO_Init
HAL_NVIC_SetPriority
HAL_NVIC_EnableIRQ
