ARM GAS  C:\Users\user\AppData\Local\Temp\ccjqVSxE.s 			page 1


   1              		.cpu cortex-m4
   2              		.arch armv7e-m
   3              		.fpu fpv4-sp-d16
   4              		.eabi_attribute 27, 1
   5              		.eabi_attribute 28, 1
   6              		.eabi_attribute 20, 1
   7              		.eabi_attribute 21, 1
   8              		.eabi_attribute 23, 3
   9              		.eabi_attribute 24, 1
  10              		.eabi_attribute 25, 1
  11              		.eabi_attribute 26, 1
  12              		.eabi_attribute 30, 1
  13              		.eabi_attribute 34, 1
  14              		.eabi_attribute 18, 4
  15              		.file	"iwdg.c"
  16              		.text
  17              	.Ltext0:
  18              		.cfi_sections	.debug_frame
  19              		.file 1 "Core/Src/iwdg.c"
  20              		.section	.text.MX_IWDG_Init,"ax",%progbits
  21              		.align	1
  22              		.global	MX_IWDG_Init
  23              		.syntax unified
  24              		.thumb
  25              		.thumb_func
  27              	MX_IWDG_Init:
  28              	.LFB134:
   1:Core/Src/iwdg.c **** /* USER CODE BEGIN Header */
   2:Core/Src/iwdg.c **** /**
   3:Core/Src/iwdg.c ****   ******************************************************************************
   4:Core/Src/iwdg.c ****   * @file    iwdg.c
   5:Core/Src/iwdg.c ****   * @brief   This file provides code for the configuration
   6:Core/Src/iwdg.c ****   *          of the IWDG instances.
   7:Core/Src/iwdg.c ****   ******************************************************************************
   8:Core/Src/iwdg.c ****   * @attention
   9:Core/Src/iwdg.c ****   *
  10:Core/Src/iwdg.c ****   * Copyright (c) 2026 STMicroelectronics.
  11:Core/Src/iwdg.c ****   * All rights reserved.
  12:Core/Src/iwdg.c ****   *
  13:Core/Src/iwdg.c ****   * This software is licensed under terms that can be found in the LICENSE file
  14:Core/Src/iwdg.c ****   * in the root directory of this software component.
  15:Core/Src/iwdg.c ****   * If no LICENSE file comes with this software, it is provided AS-IS.
  16:Core/Src/iwdg.c ****   *
  17:Core/Src/iwdg.c ****   ******************************************************************************
  18:Core/Src/iwdg.c ****   */
  19:Core/Src/iwdg.c **** /* USER CODE END Header */
  20:Core/Src/iwdg.c **** /* Includes ------------------------------------------------------------------*/
  21:Core/Src/iwdg.c **** #include "iwdg.h"
  22:Core/Src/iwdg.c **** 
  23:Core/Src/iwdg.c **** /* USER CODE BEGIN 0 */
  24:Core/Src/iwdg.c **** 
  25:Core/Src/iwdg.c **** /* USER CODE END 0 */
  26:Core/Src/iwdg.c **** 
  27:Core/Src/iwdg.c **** IWDG_HandleTypeDef hiwdg;
  28:Core/Src/iwdg.c **** 
  29:Core/Src/iwdg.c **** /* IWDG init function */
  30:Core/Src/iwdg.c **** void MX_IWDG_Init(void)
ARM GAS  C:\Users\user\AppData\Local\Temp\ccjqVSxE.s 			page 2


  31:Core/Src/iwdg.c **** {
  29              		.loc 1 31 1 view -0
  30              		.cfi_startproc
  31              		@ args = 0, pretend = 0, frame = 0
  32              		@ frame_needed = 0, uses_anonymous_args = 0
  33 0000 08B5     		push	{r3, lr}
  34              	.LCFI0:
  35              		.cfi_def_cfa_offset 8
  36              		.cfi_offset 3, -8
  37              		.cfi_offset 14, -4
  32:Core/Src/iwdg.c **** 
  33:Core/Src/iwdg.c ****   /* USER CODE BEGIN IWDG_Init 0 */
  34:Core/Src/iwdg.c **** 
  35:Core/Src/iwdg.c ****   /* USER CODE END IWDG_Init 0 */
  36:Core/Src/iwdg.c **** 
  37:Core/Src/iwdg.c ****   /* USER CODE BEGIN IWDG_Init 1 */
  38:Core/Src/iwdg.c **** 
  39:Core/Src/iwdg.c ****   /* USER CODE END IWDG_Init 1 */
  40:Core/Src/iwdg.c ****   hiwdg.Instance = IWDG;
  38              		.loc 1 40 3 view .LVU1
  39              		.loc 1 40 18 is_stmt 0 view .LVU2
  40 0002 0748     		ldr	r0, .L5
  41 0004 074B     		ldr	r3, .L5+4
  42 0006 0360     		str	r3, [r0]
  41:Core/Src/iwdg.c ****   hiwdg.Init.Prescaler = IWDG_PRESCALER_16;
  43              		.loc 1 41 3 is_stmt 1 view .LVU3
  44              		.loc 1 41 24 is_stmt 0 view .LVU4
  45 0008 0223     		movs	r3, #2
  46 000a 4360     		str	r3, [r0, #4]
  42:Core/Src/iwdg.c ****   hiwdg.Init.Reload = 4095;
  47              		.loc 1 42 3 is_stmt 1 view .LVU5
  48              		.loc 1 42 21 is_stmt 0 view .LVU6
  49 000c 40F6FF73 		movw	r3, #4095
  50 0010 8360     		str	r3, [r0, #8]
  43:Core/Src/iwdg.c ****   if (HAL_IWDG_Init(&hiwdg) != HAL_OK)
  51              		.loc 1 43 3 is_stmt 1 view .LVU7
  52              		.loc 1 43 7 is_stmt 0 view .LVU8
  53 0012 FFF7FEFF 		bl	HAL_IWDG_Init
  54              	.LVL0:
  55              		.loc 1 43 6 discriminator 1 view .LVU9
  56 0016 00B9     		cbnz	r0, .L4
  57              	.L1:
  44:Core/Src/iwdg.c ****   {
  45:Core/Src/iwdg.c ****     Error_Handler();
  46:Core/Src/iwdg.c ****   }
  47:Core/Src/iwdg.c ****   /* USER CODE BEGIN IWDG_Init 2 */
  48:Core/Src/iwdg.c **** 
  49:Core/Src/iwdg.c ****   /* USER CODE END IWDG_Init 2 */
  50:Core/Src/iwdg.c **** 
  51:Core/Src/iwdg.c **** }
  58              		.loc 1 51 1 view .LVU10
  59 0018 08BD     		pop	{r3, pc}
  60              	.L4:
  45:Core/Src/iwdg.c ****   }
  61              		.loc 1 45 5 is_stmt 1 view .LVU11
  62 001a FFF7FEFF 		bl	Error_Handler
  63              	.LVL1:
ARM GAS  C:\Users\user\AppData\Local\Temp\ccjqVSxE.s 			page 3


  64              		.loc 1 51 1 is_stmt 0 view .LVU12
  65 001e FBE7     		b	.L1
  66              	.L6:
  67              		.align	2
  68              	.L5:
  69 0020 00000000 		.word	hiwdg
  70 0024 00300040 		.word	1073754112
  71              		.cfi_endproc
  72              	.LFE134:
  74              		.global	hiwdg
  75              		.section	.bss.hiwdg,"aw",%nobits
  76              		.align	2
  79              	hiwdg:
  80 0000 00000000 		.space	12
  80      00000000 
  80      00000000 
  81              		.text
  82              	.Letext0:
  83              		.file 2 "C:\\ST\\STM32CubeIDE_2.1.0\\STM32CubeIDE\\plugins\\com.st.stm32cube.ide.mcu.externaltools
  84              		.file 3 "C:\\ST\\STM32CubeIDE_2.1.0\\STM32CubeIDE\\plugins\\com.st.stm32cube.ide.mcu.externaltools
  85              		.file 4 "Drivers/CMSIS/Device/ST/STM32F4xx/Include/stm32f411xe.h"
  86              		.file 5 "Drivers/STM32F4xx_HAL_Driver/Inc/stm32f4xx_hal_def.h"
  87              		.file 6 "Drivers/STM32F4xx_HAL_Driver/Inc/stm32f4xx_hal_iwdg.h"
  88              		.file 7 "Core/Inc/iwdg.h"
  89              		.file 8 "Core/Inc/main.h"
ARM GAS  C:\Users\user\AppData\Local\Temp\ccjqVSxE.s 			page 4


DEFINED SYMBOLS
                            *ABS*:00000000 iwdg.c
C:\Users\user\AppData\Local\Temp\ccjqVSxE.s:21     .text.MX_IWDG_Init:00000000 $t
C:\Users\user\AppData\Local\Temp\ccjqVSxE.s:27     .text.MX_IWDG_Init:00000000 MX_IWDG_Init
C:\Users\user\AppData\Local\Temp\ccjqVSxE.s:69     .text.MX_IWDG_Init:00000020 $d
C:\Users\user\AppData\Local\Temp\ccjqVSxE.s:79     .bss.hiwdg:00000000 hiwdg
C:\Users\user\AppData\Local\Temp\ccjqVSxE.s:76     .bss.hiwdg:00000000 $d
                           .group:00000000 wm4.0.3e3bd4fae48ed4285b9fe9ad79008a8e
                           .group:00000000 wm4.stm32f4xx_hal_conf.h.25.0cc516ee5f8f6ec9d32a682fcd0191b7
                           .group:00000000 wm4.stm32f4xx.h.38.63e3ea23bd63a94457417730025259b6
                           .group:00000000 wm4.stm32f411xe.h.34.f2908321cbbda12187706c23063bbc28
                           .group:00000000 wm4._newlib_version.h.4.0eb654b64686e2bd29646258853f6c22
                           .group:00000000 wm4.features.h.33.d554620bb17bd3b714c3fb5c268772bc
                           .group:00000000 wm4._default_types.h.15.247e5cd201eca3442cbf5404108c4935
                           .group:00000000 wm4._intsup.h.10.48bafbb683905c4daa4565a85aeeb264
                           .group:00000000 wm4._stdint.h.10.c24fa3af3bc1706662bb5593a907e841
                           .group:00000000 wm4.stdint.h.23.d53047a68f4a85177f80b422d52785ed
                           .group:00000000 wm4.cmsis_version.h.32.0ac195c83bb4537824e6ad1c47474b79
                           .group:00000000 wm4.core_cm4.h.66.e4ff136c4a17abc46741866f64f8e729
                           .group:00000000 wm4.cmsis_gcc.h.26.498d0ad17a45fc9ef20fdc01caf02259
                           .group:00000000 wm4.core_cm4.h.174.62be9b4588d49bed18171771001331df
                           .group:00000000 wm4.mpu_armv7.h.32.83326921a797fa9d6f70449916b4b839
                           .group:00000000 wm4.stm32f411xe.h.636.37cf950cfbbaac9e193dbe2b79c3e749
                           .group:00000000 wm4.stm32f4xx.h.195.a4b8bf80f37cc96981498656ffe5f588
                           .group:00000000 wm4.stm32_hal_legacy.h.22.8b7d303dc46a0b7ac6d3edf19ce2608d
                           .group:00000000 wm4.stddef.h.39.811583f327f35b0df7808fda70b062a0
                           .group:00000000 wm4.stm32f4xx_hal_def.h.58.3cb484e92e5ccf2e55312a4714e27917
                           .group:00000000 wm4.stm32f4xx_hal_rcc_ex.h.20.6bc7ed2ae7969e22afc815a811faa8ee
                           .group:00000000 wm4.stm32f4xx_hal_rcc.h.106.0887cf5d985ae88e345b0aed0ceb4729
                           .group:00000000 wm4.stm32f4xx_hal_gpio.h.21.22da6a14b6049d6ac156577be74df1d7
                           .group:00000000 wm4.stm32f4xx_hal_gpio_ex.h.21.985b1076fbcb2c3eb806d02fd771d120
                           .group:00000000 wm4.stm32f4xx_hal_gpio.h.254.d7e07832f748fe8bcb575db0b8373592
                           .group:00000000 wm4.stm32f4xx_hal_exti.h.21.2ccac119fb1c64adeb682c3dcad90241
                           .group:00000000 wm4.stm32f4xx_hal_dma.h.21.8e4b1421c914345c23be719e5e528779
                           .group:00000000 wm4.stm32f4xx_hal_dma.h.720.ac2d7eef74792e4026acc4d2923c5da4
                           .group:00000000 wm4.stm32f4xx_hal_cortex.h.20.03673e4f79386680bf73ba399c19306b
                           .group:00000000 wm4.stm32f4xx_hal_flash.h.20.2f1e0d1b7010b3a81a7980aaf712e7e5
                           .group:00000000 wm4.stm32f4xx_hal_flash_ex.h.20.2abe4a01ce8028804a922735defa62fd
                           .group:00000000 wm4.stm32f4xx_hal_flash.h.361.23bc19b9eac79b0956d913651841ede8
                           .group:00000000 wm4.stm32f4xx_hal_i2c.h.21.147e96a27b1f7b1f2f8ee22132703ee3
                           .group:00000000 wm4.stm32f4xx_hal_i2c_ex.h.21.951ef5bfa13cf131d2015c338e82e461
                           .group:00000000 wm4.stm32f4xx_hal_i2c.h.647.ade9c3447780b1cc0ece02f0ce83aedc
                           .group:00000000 wm4.stm32f4xx_hal_iwdg.h.21.6227ccfbb99238d6637d6fd22341e211
                           .group:00000000 wm4.stm32f4xx_hal_pwr.h.20.1905a0783a9c83adefd7df0c4b501e40
                           .group:00000000 wm4.stm32f4xx_hal_pwr_ex.h.20.68994c4c23e76d9aeabea12988d5ec3f
                           .group:00000000 wm4.stm32f4xx_hal_pwr.h.338.debc0a4a62ba54688e63ab53dd99c4ea
                           .group:00000000 wm4.stm32f4xx_hal_tim.h.21.c31cbc03c25f07a932427770396c59d2
                           .group:00000000 wm4.stm32f4xx_hal_tim_ex.h.21.918fa7fcd405cc3ba11632ed1d07a240
                           .group:00000000 wm4.stm32f4xx_hal.h.71.02372bc31d47d29d3f67fbfe1429649e
                           .group:00000000 wm4.main.h.60.a9fbcfa98a33cea9e599fe3b3b28e08c

UNDEFINED SYMBOLS
HAL_IWDG_Init
Error_Handler
