ARM GAS  /tmp/cc3XlBzI.s 			page 1


   1              		.cpu cortex-m4
   2              		.arch armv7e-m
   3              		.fpu fpv4-sp-d16
   4              		.eabi_attribute 27, 1
   5              		.eabi_attribute 28, 1
   6              		.eabi_attribute 20, 1
   7              		.eabi_attribute 21, 1
   8              		.eabi_attribute 23, 3
   9              		.eabi_attribute 24, 1
  10              		.eabi_attribute 25, 1
  11              		.eabi_attribute 26, 1
  12              		.eabi_attribute 30, 1
  13              		.eabi_attribute 34, 1
  14              		.eabi_attribute 18, 4
  15              		.file	"motor.c"
  16              		.text
  17              	.Ltext0:
  18              		.cfi_sections	.debug_frame
  19              		.file 1 "Core/Src/motor.c"
  20              		.section	.text.pct_to_ccr,"ax",%progbits
  21              		.align	1
  22              		.syntax unified
  23              		.thumb
  24              		.thumb_func
  26              	pct_to_ccr:
  27              	.LVL0:
  28              	.LFB134:
   1:Core/Src/motor.c **** /* USER CODE BEGIN Header */
   2:Core/Src/motor.c **** /**
   3:Core/Src/motor.c ****   ******************************************************************************
   4:Core/Src/motor.c ****   * @file    motor.c
   5:Core/Src/motor.c ****   * @brief   L298N ļ¬©Ēä░ ļō£ļØ╝ņØ┤ļ▓ä ņĀ£ņ¢┤ ĻĄ¼Ēśä
   6:Core/Src/motor.c ****   ******************************************************************************
   7:Core/Src/motor.c ****   */
   8:Core/Src/motor.c **** /* USER CODE END Header */
   9:Core/Src/motor.c **** 
  10:Core/Src/motor.c **** /* Includes ------------------------------------------------------------------*/
  11:Core/Src/motor.c **** #include "motor.h"
  12:Core/Src/motor.c **** #include "tim.h"   /* htim4 */
  13:Core/Src/motor.c **** 
  14:Core/Src/motor.c **** /* TIM4 ARR = 999 ŌåÆ ĒĢ£ ņŻ╝ĻĖ░ = 1000 ņ╣┤ņÜ┤ĒŖĖ. ļōĆĒŗ░ 0~100% ŌåÆ CCR 0~1000 */
  15:Core/Src/motor.c **** #define MOTOR_CCR_FULL   1000U
  16:Core/Src/motor.c **** 
  17:Core/Src/motor.c **** /* ĒŹ╝ņä╝ĒŖĖ(0~100) ŌåÆ CCR(0~1000) ļ│ĆĒÖś (ļ▓öņ£ä ņ┤łĻ│╝ ņŗ£ Ēü┤ļ×©Ēöä) */
  18:Core/Src/motor.c **** static uint16_t pct_to_ccr(uint8_t pct)
  19:Core/Src/motor.c **** {
  29              		.loc 1 19 1 view -0
  30              		.cfi_startproc
  31              		@ args = 0, pretend = 0, frame = 0
  32              		@ frame_needed = 0, uses_anonymous_args = 0
  33              		@ link register save eliminated.
  20:Core/Src/motor.c ****     if (pct > 100U)
  34              		.loc 1 20 5 view .LVU1
  35              		.loc 1 20 8 is_stmt 0 view .LVU2
  36 0000 6428     		cmp	r0, #100
  37 0002 00D9     		bls	.L2
  21:Core/Src/motor.c ****     {
ARM GAS  /tmp/cc3XlBzI.s 			page 2


  22:Core/Src/motor.c ****         pct = 100U;
  38              		.loc 1 22 13 view .LVU3
  39 0004 6420     		movs	r0, #100
  40              	.LVL1:
  41              	.L2:
  23:Core/Src/motor.c ****     }
  24:Core/Src/motor.c ****     return (uint16_t)pct * 10U;
  42              		.loc 1 24 5 is_stmt 1 view .LVU4
  43              		.loc 1 24 26 is_stmt 0 view .LVU5
  44 0006 00EB8000 		add	r0, r0, r0, lsl #2
  45              	.LVL2:
  46              		.loc 1 24 26 view .LVU6
  47 000a 4000     		lsls	r0, r0, #1
  48              		.loc 1 24 26 discriminator 1 view .LVU7
  49 000c 80B2     		uxth	r0, r0
  25:Core/Src/motor.c **** }
  50              		.loc 1 25 1 view .LVU8
  51 000e 7047     		bx	lr
  52              		.cfi_endproc
  53              	.LFE134:
  55              		.section	.text.clamp_speed,"ax",%progbits
  56              		.align	1
  57              		.syntax unified
  58              		.thumb
  59              		.thumb_func
  61              	clamp_speed:
  62              	.LVL3:
  63              	.LFB135:
  26:Core/Src/motor.c **** 
  27:Core/Src/motor.c **** /* ņåŹļÅä %(0~100) Ēü┤ļ×©Ēöä Ēøä ļČĆĒśĖ ņ×łļŖö Ēü¼ĻĖ░ļĪ£. uint8_tŌåÆint8_t ņ¦üņĀæ ņ║ÉņŖżĒīģ ņŗ£
  28:Core/Src/motor.c ****  * 100 ņ┤łĻ│╝ Ļ░Æ(ņśł: 200)ņØ┤ ņØīņłśļĪ£ ļÆżņ¦æĒśĆ ļ░®Ē¢źņØ┤ ļ░śļīĆļĪ£ Ļ░ĆļŖö ļ▓äĻĘĖ ļ░®ņ¦Ć. */
  29:Core/Src/motor.c **** static int8_t clamp_speed(uint8_t pct)
  30:Core/Src/motor.c **** {
  64              		.loc 1 30 1 is_stmt 1 view -0
  65              		.cfi_startproc
  66              		@ args = 0, pretend = 0, frame = 0
  67              		@ frame_needed = 0, uses_anonymous_args = 0
  68              		@ link register save eliminated.
  31:Core/Src/motor.c ****     if (pct > 100U)
  69              		.loc 1 31 5 view .LVU10
  70              		.loc 1 31 8 is_stmt 0 view .LVU11
  71 0000 6428     		cmp	r0, #100
  72 0002 00D9     		bls	.L5
  32:Core/Src/motor.c ****     {
  33:Core/Src/motor.c ****         pct = 100U;
  73              		.loc 1 33 13 view .LVU12
  74 0004 6420     		movs	r0, #100
  75              	.LVL4:
  76              	.L5:
  34:Core/Src/motor.c ****     }
  35:Core/Src/motor.c ****     return (int8_t)pct;
  77              		.loc 1 35 5 is_stmt 1 view .LVU13
  36:Core/Src/motor.c **** }
  78              		.loc 1 36 1 is_stmt 0 view .LVU14
  79 0006 40B2     		sxtb	r0, r0
  80              		.loc 1 36 1 view .LVU15
  81 0008 7047     		bx	lr
ARM GAS  /tmp/cc3XlBzI.s 			page 3


  82              		.cfi_endproc
  83              	.LFE135:
  85              		.section	.text.Motor_Left,"ax",%progbits
  86              		.align	1
  87              		.global	Motor_Left
  88              		.syntax unified
  89              		.thumb
  90              		.thumb_func
  92              	Motor_Left:
  93              	.LVL5:
  94              	.LFB136:
  37:Core/Src/motor.c **** 
  38:Core/Src/motor.c **** /* ņóīņĖĪ ļ¬©Ēä░: ņĀäņ¦ä IN4=1/IN3=0, Ēøäņ¦ä IN4=0/IN3=1, ņåŹļÅä = ENB = TIM4_CH2.
  39:Core/Src/motor.c ****  * speed=0 ŌåÆ ņ¢æ IN low + PWM 0 ņ£╝ļĪ£ ņÖäņĀä ņĀĢņ¦Ć(ĻČżļÅäņŗØ ĒÜīņĀä ņŗ£ ņĢłņ¬Į ļ░öĒĆ┤ ņĀĢņ¦ĆņÜ®
  40:Core/Src/motor.c **** void Motor_Left(int8_t speed)
  41:Core/Src/motor.c **** {
  95              		.loc 1 41 1 is_stmt 1 view -0
  96              		.cfi_startproc
  97              		@ args = 0, pretend = 0, frame = 0
  98              		@ frame_needed = 0, uses_anonymous_args = 0
  99              		.loc 1 41 1 is_stmt 0 view .LVU17
 100 0000 70B5     		push	{r4, r5, r6, lr}
 101              	.LCFI0:
 102              		.cfi_def_cfa_offset 16
 103              		.cfi_offset 4, -16
 104              		.cfi_offset 5, -12
 105              		.cfi_offset 6, -8
 106              		.cfi_offset 14, -4
  42:Core/Src/motor.c ****     if (speed == 0)
 107              		.loc 1 42 5 is_stmt 1 view .LVU18
 108              		.loc 1 42 8 is_stmt 0 view .LVU19
 109 0002 E0B1     		cbz	r0, .L13
 110 0004 0446     		mov	r4, r0
  43:Core/Src/motor.c ****     {
  44:Core/Src/motor.c ****         HAL_GPIO_WritePin(Input3_GPIO_Port, Input3_Pin, GPIO_PIN_RESET);
  45:Core/Src/motor.c ****         HAL_GPIO_WritePin(Input4_GPIO_Port, Input4_Pin, GPIO_PIN_RESET);
  46:Core/Src/motor.c ****         __HAL_TIM_SET_COMPARE(&htim4, TIM_CHANNEL_2, 0);
  47:Core/Src/motor.c ****         return;
  48:Core/Src/motor.c ****     }
  49:Core/Src/motor.c ****     uint8_t forward = (speed > 0);
 111              		.loc 1 49 5 is_stmt 1 view .LVU20
 112              		.loc 1 49 30 is_stmt 0 view .LVU21
 113 0006 0028     		cmp	r0, #0
 114 0008 CCBF     		ite	gt
 115 000a 0122     		movgt	r2, #1
 116 000c 0022     		movle	r2, #0
 117              	.LVL6:
  50:Core/Src/motor.c ****     uint8_t mag = forward ? (uint8_t)speed : (uint8_t)(-speed);
 118              		.loc 1 50 5 is_stmt 1 view .LVU22
 119              		.loc 1 50 13 is_stmt 0 view .LVU23
 120 000e 28DD     		ble	.L14
 121              		.loc 1 50 13 discriminator 2 view .LVU24
 122 0010 C5B2     		uxtb	r5, r0
 123              	.L11:
 124              	.LVL7:
  51:Core/Src/motor.c **** 
  52:Core/Src/motor.c ****     HAL_GPIO_WritePin(Input4_GPIO_Port, Input4_Pin, forward ? GPIO_PIN_SET : GPIO_PIN_RESET);
ARM GAS  /tmp/cc3XlBzI.s 			page 4


 125              		.loc 1 52 5 is_stmt 1 view .LVU25
 126 0012 164E     		ldr	r6, .L15
 127 0014 4FF40041 		mov	r1, #32768
 128 0018 3046     		mov	r0, r6
 129              	.LVL8:
 130              		.loc 1 52 5 is_stmt 0 view .LVU26
 131 001a FFF7FEFF 		bl	HAL_GPIO_WritePin
 132              	.LVL9:
  53:Core/Src/motor.c ****     HAL_GPIO_WritePin(Input3_GPIO_Port, Input3_Pin, forward ? GPIO_PIN_RESET : GPIO_PIN_SET);
 133              		.loc 1 53 5 is_stmt 1 view .LVU27
 134 001e 002C     		cmp	r4, #0
 135 0020 CCBF     		ite	gt
 136 0022 0022     		movgt	r2, #0
 137 0024 0122     		movle	r2, #1
 138 0026 4FF48041 		mov	r1, #16384
 139 002a 3046     		mov	r0, r6
 140 002c FFF7FEFF 		bl	HAL_GPIO_WritePin
 141              	.LVL10:
  54:Core/Src/motor.c ****     __HAL_TIM_SET_COMPARE(&htim4, TIM_CHANNEL_2, pct_to_ccr(mag));
 142              		.loc 1 54 5 view .LVU28
 143 0030 2846     		mov	r0, r5
 144 0032 FFF7FEFF 		bl	pct_to_ccr
 145              	.LVL11:
 146              		.loc 1 54 5 is_stmt 0 discriminator 1 view .LVU29
 147 0036 0E4B     		ldr	r3, .L15+4
 148 0038 1B68     		ldr	r3, [r3]
 149 003a 9863     		str	r0, [r3, #56]
 150              	.LVL12:
 151              	.L7:
  55:Core/Src/motor.c **** }
 152              		.loc 1 55 1 view .LVU30
 153 003c 70BD     		pop	{r4, r5, r6, pc}
 154              	.LVL13:
 155              	.L13:
  44:Core/Src/motor.c ****         HAL_GPIO_WritePin(Input4_GPIO_Port, Input4_Pin, GPIO_PIN_RESET);
 156              		.loc 1 44 9 is_stmt 1 view .LVU31
 157 003e 0B4C     		ldr	r4, .L15
 158 0040 0022     		movs	r2, #0
 159 0042 4FF48041 		mov	r1, #16384
 160 0046 2046     		mov	r0, r4
 161              	.LVL14:
  44:Core/Src/motor.c ****         HAL_GPIO_WritePin(Input4_GPIO_Port, Input4_Pin, GPIO_PIN_RESET);
 162              		.loc 1 44 9 is_stmt 0 view .LVU32
 163 0048 FFF7FEFF 		bl	HAL_GPIO_WritePin
 164              	.LVL15:
  45:Core/Src/motor.c ****         __HAL_TIM_SET_COMPARE(&htim4, TIM_CHANNEL_2, 0);
 165              		.loc 1 45 9 is_stmt 1 view .LVU33
 166 004c 0022     		movs	r2, #0
 167 004e 4FF40041 		mov	r1, #32768
 168 0052 2046     		mov	r0, r4
 169 0054 FFF7FEFF 		bl	HAL_GPIO_WritePin
 170              	.LVL16:
  46:Core/Src/motor.c ****         return;
 171              		.loc 1 46 9 view .LVU34
 172 0058 054B     		ldr	r3, .L15+4
 173 005a 1B68     		ldr	r3, [r3]
 174 005c 0022     		movs	r2, #0
ARM GAS  /tmp/cc3XlBzI.s 			page 5


 175 005e 9A63     		str	r2, [r3, #56]
  47:Core/Src/motor.c ****     }
 176              		.loc 1 47 9 view .LVU35
 177 0060 ECE7     		b	.L7
 178              	.LVL17:
 179              	.L14:
  50:Core/Src/motor.c **** 
 180              		.loc 1 50 46 is_stmt 0 discriminator 1 view .LVU36
 181 0062 C5B2     		uxtb	r5, r0
  50:Core/Src/motor.c **** 
 182              		.loc 1 50 13 discriminator 1 view .LVU37
 183 0064 6D42     		rsbs	r5, r5, #0
 184 0066 EDB2     		uxtb	r5, r5
 185 0068 D3E7     		b	.L11
 186              	.L16:
 187 006a 00BF     		.align	2
 188              	.L15:
 189 006c 00040240 		.word	1073873920
 190 0070 00000000 		.word	htim4
 191              		.cfi_endproc
 192              	.LFE136:
 194              		.section	.text.Motor_Right,"ax",%progbits
 195              		.align	1
 196              		.global	Motor_Right
 197              		.syntax unified
 198              		.thumb
 199              		.thumb_func
 201              	Motor_Right:
 202              	.LVL18:
 203              	.LFB137:
  56:Core/Src/motor.c **** 
  57:Core/Src/motor.c **** /* ņÜ░ņĖĪ ļ¬©Ēä░: ņĀäņ¦ä IN1=1/IN2=0, Ēøäņ¦ä IN1=0/IN2=1, ņåŹļÅä = ENA = TIM4_CH1.
  58:Core/Src/motor.c ****  * speed=0 ŌåÆ ņ¢æ IN low + PWM 0 ņ£╝ļĪ£ ņÖäņĀä ņĀĢņ¦Ć */
  59:Core/Src/motor.c **** void Motor_Right(int8_t speed)
  60:Core/Src/motor.c **** {
 204              		.loc 1 60 1 is_stmt 1 view -0
 205              		.cfi_startproc
 206              		@ args = 0, pretend = 0, frame = 0
 207              		@ frame_needed = 0, uses_anonymous_args = 0
 208              		.loc 1 60 1 is_stmt 0 view .LVU39
 209 0000 70B5     		push	{r4, r5, r6, lr}
 210              	.LCFI1:
 211              		.cfi_def_cfa_offset 16
 212              		.cfi_offset 4, -16
 213              		.cfi_offset 5, -12
 214              		.cfi_offset 6, -8
 215              		.cfi_offset 14, -4
  61:Core/Src/motor.c ****     if (speed == 0)
 216              		.loc 1 61 5 is_stmt 1 view .LVU40
 217              		.loc 1 61 8 is_stmt 0 view .LVU41
 218 0002 E0B1     		cbz	r0, .L23
 219 0004 0446     		mov	r4, r0
  62:Core/Src/motor.c ****     {
  63:Core/Src/motor.c ****         HAL_GPIO_WritePin(Input1_GPIO_Port, Input1_Pin, GPIO_PIN_RESET);
  64:Core/Src/motor.c ****         HAL_GPIO_WritePin(Input2_GPIO_Port, Input2_Pin, GPIO_PIN_RESET);
  65:Core/Src/motor.c ****         __HAL_TIM_SET_COMPARE(&htim4, TIM_CHANNEL_1, 0);
  66:Core/Src/motor.c ****         return;
ARM GAS  /tmp/cc3XlBzI.s 			page 6


  67:Core/Src/motor.c ****     }
  68:Core/Src/motor.c ****     uint8_t forward = (speed > 0);
 220              		.loc 1 68 5 is_stmt 1 view .LVU42
 221              		.loc 1 68 30 is_stmt 0 view .LVU43
 222 0006 0028     		cmp	r0, #0
 223 0008 CCBF     		ite	gt
 224 000a 0122     		movgt	r2, #1
 225 000c 0022     		movle	r2, #0
 226              	.LVL19:
  69:Core/Src/motor.c ****     uint8_t mag = forward ? (uint8_t)speed : (uint8_t)(-speed);
 227              		.loc 1 69 5 is_stmt 1 view .LVU44
 228              		.loc 1 69 13 is_stmt 0 view .LVU45
 229 000e 28DD     		ble	.L24
 230              		.loc 1 69 13 discriminator 2 view .LVU46
 231 0010 C5B2     		uxtb	r5, r0
 232              	.L21:
 233              	.LVL20:
  70:Core/Src/motor.c **** 
  71:Core/Src/motor.c ****     HAL_GPIO_WritePin(Input1_GPIO_Port, Input1_Pin, forward ? GPIO_PIN_SET : GPIO_PIN_RESET);
 234              		.loc 1 71 5 is_stmt 1 view .LVU47
 235 0012 164E     		ldr	r6, .L25
 236 0014 4FF48051 		mov	r1, #4096
 237 0018 3046     		mov	r0, r6
 238              	.LVL21:
 239              		.loc 1 71 5 is_stmt 0 view .LVU48
 240 001a FFF7FEFF 		bl	HAL_GPIO_WritePin
 241              	.LVL22:
  72:Core/Src/motor.c ****     HAL_GPIO_WritePin(Input2_GPIO_Port, Input2_Pin, forward ? GPIO_PIN_RESET : GPIO_PIN_SET);
 242              		.loc 1 72 5 is_stmt 1 view .LVU49
 243 001e 002C     		cmp	r4, #0
 244 0020 CCBF     		ite	gt
 245 0022 0022     		movgt	r2, #0
 246 0024 0122     		movle	r2, #1
 247 0026 4FF40051 		mov	r1, #8192
 248 002a 3046     		mov	r0, r6
 249 002c FFF7FEFF 		bl	HAL_GPIO_WritePin
 250              	.LVL23:
  73:Core/Src/motor.c ****     __HAL_TIM_SET_COMPARE(&htim4, TIM_CHANNEL_1, pct_to_ccr(mag));
 251              		.loc 1 73 5 view .LVU50
 252 0030 2846     		mov	r0, r5
 253 0032 FFF7FEFF 		bl	pct_to_ccr
 254              	.LVL24:
 255              		.loc 1 73 5 is_stmt 0 discriminator 1 view .LVU51
 256 0036 0E4B     		ldr	r3, .L25+4
 257 0038 1B68     		ldr	r3, [r3]
 258 003a 5863     		str	r0, [r3, #52]
 259              	.LVL25:
 260              	.L17:
  74:Core/Src/motor.c **** }
 261              		.loc 1 74 1 view .LVU52
 262 003c 70BD     		pop	{r4, r5, r6, pc}
 263              	.LVL26:
 264              	.L23:
  63:Core/Src/motor.c ****         HAL_GPIO_WritePin(Input2_GPIO_Port, Input2_Pin, GPIO_PIN_RESET);
 265              		.loc 1 63 9 is_stmt 1 view .LVU53
 266 003e 0B4C     		ldr	r4, .L25
 267 0040 0022     		movs	r2, #0
ARM GAS  /tmp/cc3XlBzI.s 			page 7


 268 0042 4FF48051 		mov	r1, #4096
 269 0046 2046     		mov	r0, r4
 270              	.LVL27:
  63:Core/Src/motor.c ****         HAL_GPIO_WritePin(Input2_GPIO_Port, Input2_Pin, GPIO_PIN_RESET);
 271              		.loc 1 63 9 is_stmt 0 view .LVU54
 272 0048 FFF7FEFF 		bl	HAL_GPIO_WritePin
 273              	.LVL28:
  64:Core/Src/motor.c ****         __HAL_TIM_SET_COMPARE(&htim4, TIM_CHANNEL_1, 0);
 274              		.loc 1 64 9 is_stmt 1 view .LVU55
 275 004c 0022     		movs	r2, #0
 276 004e 4FF40051 		mov	r1, #8192
 277 0052 2046     		mov	r0, r4
 278 0054 FFF7FEFF 		bl	HAL_GPIO_WritePin
 279              	.LVL29:
  65:Core/Src/motor.c ****         return;
 280              		.loc 1 65 9 view .LVU56
 281 0058 054B     		ldr	r3, .L25+4
 282 005a 1B68     		ldr	r3, [r3]
 283 005c 0022     		movs	r2, #0
 284 005e 5A63     		str	r2, [r3, #52]
  66:Core/Src/motor.c ****     }
 285              		.loc 1 66 9 view .LVU57
 286 0060 ECE7     		b	.L17
 287              	.LVL30:
 288              	.L24:
  69:Core/Src/motor.c **** 
 289              		.loc 1 69 46 is_stmt 0 discriminator 1 view .LVU58
 290 0062 C5B2     		uxtb	r5, r0
  69:Core/Src/motor.c **** 
 291              		.loc 1 69 13 discriminator 1 view .LVU59
 292 0064 6D42     		rsbs	r5, r5, #0
 293 0066 EDB2     		uxtb	r5, r5
 294 0068 D3E7     		b	.L21
 295              	.L26:
 296 006a 00BF     		.align	2
 297              	.L25:
 298 006c 00040240 		.word	1073873920
 299 0070 00000000 		.word	htim4
 300              		.cfi_endproc
 301              	.LFE137:
 303              		.section	.text.Car_Forward,"ax",%progbits
 304              		.align	1
 305              		.global	Car_Forward
 306              		.syntax unified
 307              		.thumb
 308              		.thumb_func
 310              	Car_Forward:
 311              	.LVL31:
 312              	.LFB139:
  75:Core/Src/motor.c **** 
  76:Core/Src/motor.c **** void Motor_Init(void)
  77:Core/Src/motor.c **** {
  78:Core/Src/motor.c ****     HAL_TIM_PWM_Start(&htim4, TIM_CHANNEL_1);   /* ENA (ņÜ░ņĖĪ) */
  79:Core/Src/motor.c ****     HAL_TIM_PWM_Start(&htim4, TIM_CHANNEL_2);   /* ENB (ņóīņĖĪ) */
  80:Core/Src/motor.c ****     Car_Stop();
  81:Core/Src/motor.c **** }
  82:Core/Src/motor.c **** 
ARM GAS  /tmp/cc3XlBzI.s 			page 8


  83:Core/Src/motor.c **** void Car_Forward(uint8_t speed)
  84:Core/Src/motor.c **** {
 313              		.loc 1 84 1 is_stmt 1 view -0
 314              		.cfi_startproc
 315              		@ args = 0, pretend = 0, frame = 0
 316              		@ frame_needed = 0, uses_anonymous_args = 0
 317              		.loc 1 84 1 is_stmt 0 view .LVU61
 318 0000 10B5     		push	{r4, lr}
 319              	.LCFI2:
 320              		.cfi_def_cfa_offset 8
 321              		.cfi_offset 4, -8
 322              		.cfi_offset 14, -4
  85:Core/Src/motor.c ****     int8_t s = clamp_speed(speed);
 323              		.loc 1 85 5 is_stmt 1 view .LVU62
 324              		.loc 1 85 16 is_stmt 0 view .LVU63
 325 0002 FFF7FEFF 		bl	clamp_speed
 326              	.LVL32:
 327              		.loc 1 85 16 view .LVU64
 328 0006 0446     		mov	r4, r0
 329              	.LVL33:
  86:Core/Src/motor.c ****     Motor_Left(s);
 330              		.loc 1 86 5 is_stmt 1 view .LVU65
 331 0008 FFF7FEFF 		bl	Motor_Left
 332              	.LVL34:
  87:Core/Src/motor.c ****     Motor_Right(s);
 333              		.loc 1 87 5 view .LVU66
 334 000c 2046     		mov	r0, r4
 335 000e FFF7FEFF 		bl	Motor_Right
 336              	.LVL35:
  88:Core/Src/motor.c **** }
 337              		.loc 1 88 1 is_stmt 0 view .LVU67
 338 0012 10BD     		pop	{r4, pc}
 339              		.loc 1 88 1 view .LVU68
 340              		.cfi_endproc
 341              	.LFE139:
 343              		.section	.text.Car_Backward,"ax",%progbits
 344              		.align	1
 345              		.global	Car_Backward
 346              		.syntax unified
 347              		.thumb
 348              		.thumb_func
 350              	Car_Backward:
 351              	.LVL36:
 352              	.LFB140:
  89:Core/Src/motor.c **** 
  90:Core/Src/motor.c **** void Car_Backward(uint8_t speed)
  91:Core/Src/motor.c **** {
 353              		.loc 1 91 1 is_stmt 1 view -0
 354              		.cfi_startproc
 355              		@ args = 0, pretend = 0, frame = 0
 356              		@ frame_needed = 0, uses_anonymous_args = 0
 357              		.loc 1 91 1 is_stmt 0 view .LVU70
 358 0000 10B5     		push	{r4, lr}
 359              	.LCFI3:
 360              		.cfi_def_cfa_offset 8
 361              		.cfi_offset 4, -8
 362              		.cfi_offset 14, -4
ARM GAS  /tmp/cc3XlBzI.s 			page 9


  92:Core/Src/motor.c ****     int8_t s = clamp_speed(speed);
 363              		.loc 1 92 5 is_stmt 1 view .LVU71
 364              		.loc 1 92 16 is_stmt 0 view .LVU72
 365 0002 FFF7FEFF 		bl	clamp_speed
 366              	.LVL37:
  93:Core/Src/motor.c ****     Motor_Left(-s);
 367              		.loc 1 93 5 is_stmt 1 view .LVU73
 368 0006 4442     		rsbs	r4, r0, #0
 369 0008 64B2     		sxtb	r4, r4
 370 000a 2046     		mov	r0, r4
 371              	.LVL38:
 372              		.loc 1 93 5 is_stmt 0 view .LVU74
 373 000c FFF7FEFF 		bl	Motor_Left
 374              	.LVL39:
  94:Core/Src/motor.c ****     Motor_Right(-s);
 375              		.loc 1 94 5 is_stmt 1 view .LVU75
 376 0010 2046     		mov	r0, r4
 377 0012 FFF7FEFF 		bl	Motor_Right
 378              	.LVL40:
  95:Core/Src/motor.c **** }
 379              		.loc 1 95 1 is_stmt 0 view .LVU76
 380 0016 10BD     		pop	{r4, pc}
 381              		.cfi_endproc
 382              	.LFE140:
 384              		.section	.text.Car_PivotLeft,"ax",%progbits
 385              		.align	1
 386              		.global	Car_PivotLeft
 387              		.syntax unified
 388              		.thumb
 389              		.thumb_func
 391              	Car_PivotLeft:
 392              	.LVL41:
 393              	.LFB141:
  96:Core/Src/motor.c **** 
  97:Core/Src/motor.c **** /* ņóīĒÜīņĀä(ĻČżļÅäņŗØ, ļ¦łņ░░ ļ│┤ņĀĢ): ņÜ░(ļ░öĻ╣ź) ņĀäņ¦ä outer + ņóī(ņĢłņ¬Į) Ēøäņ¦ä inner ŌåÆ ņĀ£
  98:Core/Src/motor.c ****  * inner=0 ŌåÆ ņĢłņ¬Į ņĀĢņ¦Ć(ļ¦łņ░░ļĪ£ ņĢł ļÅī ņłś ņ×łņØī), inner ņåīļ¤ē ŌåÆ Ļ╣öļüöĒĢ£ ņäĀĒÜī, inne
  99:Core/Src/motor.c **** void Car_PivotLeft(uint8_t outer, uint8_t inner)
 100:Core/Src/motor.c **** {
 394              		.loc 1 100 1 is_stmt 1 view -0
 395              		.cfi_startproc
 396              		@ args = 0, pretend = 0, frame = 0
 397              		@ frame_needed = 0, uses_anonymous_args = 0
 398              		.loc 1 100 1 is_stmt 0 view .LVU78
 399 0000 10B5     		push	{r4, lr}
 400              	.LCFI4:
 401              		.cfi_def_cfa_offset 8
 402              		.cfi_offset 4, -8
 403              		.cfi_offset 14, -4
 404 0002 0446     		mov	r4, r0
 101:Core/Src/motor.c ****     Motor_Left(-clamp_speed(inner));   /* ņóī(ņĢłņ¬Į) Ēøäņ¦ä ŌåÆ IN3 */
 405              		.loc 1 101 5 is_stmt 1 view .LVU79
 406              		.loc 1 101 17 is_stmt 0 view .LVU80
 407 0004 0846     		mov	r0, r1
 408              	.LVL42:
 409              		.loc 1 101 17 view .LVU81
 410 0006 FFF7FEFF 		bl	clamp_speed
 411              	.LVL43:
ARM GAS  /tmp/cc3XlBzI.s 			page 10


 412              		.loc 1 101 17 discriminator 1 view .LVU82
 413 000a C3B2     		uxtb	r3, r0
 414              		.loc 1 101 5 discriminator 1 view .LVU83
 415 000c 5B42     		rsbs	r3, r3, #0
 416 000e 58B2     		sxtb	r0, r3
 417 0010 FFF7FEFF 		bl	Motor_Left
 418              	.LVL44:
 102:Core/Src/motor.c ****     Motor_Right(clamp_speed(outer));   /* ņÜ░(ļ░öĻ╣ź) ņĀäņ¦ä ŌåÆ IN1 */
 419              		.loc 1 102 5 is_stmt 1 view .LVU84
 420 0014 2046     		mov	r0, r4
 421 0016 FFF7FEFF 		bl	clamp_speed
 422              	.LVL45:
 423              		.loc 1 102 5 is_stmt 0 discriminator 1 view .LVU85
 424 001a FFF7FEFF 		bl	Motor_Right
 425              	.LVL46:
 103:Core/Src/motor.c **** }
 426              		.loc 1 103 1 view .LVU86
 427 001e 10BD     		pop	{r4, pc}
 428              		.loc 1 103 1 view .LVU87
 429              		.cfi_endproc
 430              	.LFE141:
 432              		.section	.text.Car_PivotRight,"ax",%progbits
 433              		.align	1
 434              		.global	Car_PivotRight
 435              		.syntax unified
 436              		.thumb
 437              		.thumb_func
 439              	Car_PivotRight:
 440              	.LVL47:
 441              	.LFB142:
 104:Core/Src/motor.c **** 
 105:Core/Src/motor.c **** /* ņÜ░ĒÜīņĀä(ĻČżļÅäņŗØ): ņóī(ļ░öĻ╣ź) ņĀäņ¦ä outer + ņÜ░(ņĢłņ¬Į) Ēøäņ¦ä inner ŌåÆ ņĀ£ņ×Éļ”¼ ņäĀĒÜī(C
 106:Core/Src/motor.c **** void Car_PivotRight(uint8_t outer, uint8_t inner)
 107:Core/Src/motor.c **** {
 442              		.loc 1 107 1 is_stmt 1 view -0
 443              		.cfi_startproc
 444              		@ args = 0, pretend = 0, frame = 0
 445              		@ frame_needed = 0, uses_anonymous_args = 0
 446              		.loc 1 107 1 is_stmt 0 view .LVU89
 447 0000 10B5     		push	{r4, lr}
 448              	.LCFI5:
 449              		.cfi_def_cfa_offset 8
 450              		.cfi_offset 4, -8
 451              		.cfi_offset 14, -4
 452 0002 0C46     		mov	r4, r1
 108:Core/Src/motor.c ****     Motor_Left(clamp_speed(outer));    /* ņóī(ļ░öĻ╣ź) ņĀäņ¦ä ŌåÆ IN4 */
 453              		.loc 1 108 5 is_stmt 1 view .LVU90
 454 0004 FFF7FEFF 		bl	clamp_speed
 455              	.LVL48:
 456              		.loc 1 108 5 is_stmt 0 discriminator 1 view .LVU91
 457 0008 FFF7FEFF 		bl	Motor_Left
 458              	.LVL49:
 109:Core/Src/motor.c ****     Motor_Right(-clamp_speed(inner));  /* ņÜ░(ņĢłņ¬Į) Ēøäņ¦ä ŌåÆ IN2 */
 459              		.loc 1 109 5 is_stmt 1 view .LVU92
 460              		.loc 1 109 18 is_stmt 0 view .LVU93
 461 000c 2046     		mov	r0, r4
 462 000e FFF7FEFF 		bl	clamp_speed
ARM GAS  /tmp/cc3XlBzI.s 			page 11


 463              	.LVL50:
 464              		.loc 1 109 18 discriminator 1 view .LVU94
 465 0012 C0B2     		uxtb	r0, r0
 466              		.loc 1 109 5 discriminator 1 view .LVU95
 467 0014 4042     		rsbs	r0, r0, #0
 468 0016 40B2     		sxtb	r0, r0
 469 0018 FFF7FEFF 		bl	Motor_Right
 470              	.LVL51:
 110:Core/Src/motor.c **** }
 471              		.loc 1 110 1 view .LVU96
 472 001c 10BD     		pop	{r4, pc}
 473              		.loc 1 110 1 view .LVU97
 474              		.cfi_endproc
 475              	.LFE142:
 477              		.section	.text.Car_ArcLeft,"ax",%progbits
 478              		.align	1
 479              		.global	Car_ArcLeft
 480              		.syntax unified
 481              		.thumb
 482              		.thumb_func
 484              	Car_ArcLeft:
 485              	.LVL52:
 486              	.LFB143:
 111:Core/Src/motor.c **** 
 112:Core/Src/motor.c **** /* ļČĆļō£ļ¤¼ņÜ┤ ņóīņäĀĒÜī: ņóī(ņĢłņ¬Į)=inner, ņÜ░(ļ░öĻ╣ź)=outer, ļæś ļŗż ņĀäņ¦ä ŌåÆ Ēü░ ļ░śĻ▓Įņ£╝ļĪ
 113:Core/Src/motor.c **** void Car_ArcLeft(uint8_t outer, uint8_t inner)
 114:Core/Src/motor.c **** {
 487              		.loc 1 114 1 is_stmt 1 view -0
 488              		.cfi_startproc
 489              		@ args = 0, pretend = 0, frame = 0
 490              		@ frame_needed = 0, uses_anonymous_args = 0
 491              		.loc 1 114 1 is_stmt 0 view .LVU99
 492 0000 10B5     		push	{r4, lr}
 493              	.LCFI6:
 494              		.cfi_def_cfa_offset 8
 495              		.cfi_offset 4, -8
 496              		.cfi_offset 14, -4
 497 0002 0446     		mov	r4, r0
 115:Core/Src/motor.c ****     Motor_Left(clamp_speed(inner));
 498              		.loc 1 115 5 is_stmt 1 view .LVU100
 499 0004 0846     		mov	r0, r1
 500              	.LVL53:
 501              		.loc 1 115 5 is_stmt 0 view .LVU101
 502 0006 FFF7FEFF 		bl	clamp_speed
 503              	.LVL54:
 504              		.loc 1 115 5 discriminator 1 view .LVU102
 505 000a FFF7FEFF 		bl	Motor_Left
 506              	.LVL55:
 116:Core/Src/motor.c ****     Motor_Right(clamp_speed(outer));
 507              		.loc 1 116 5 is_stmt 1 view .LVU103
 508 000e 2046     		mov	r0, r4
 509 0010 FFF7FEFF 		bl	clamp_speed
 510              	.LVL56:
 511              		.loc 1 116 5 is_stmt 0 discriminator 1 view .LVU104
 512 0014 FFF7FEFF 		bl	Motor_Right
 513              	.LVL57:
 117:Core/Src/motor.c **** }
ARM GAS  /tmp/cc3XlBzI.s 			page 12


 514              		.loc 1 117 1 view .LVU105
 515 0018 10BD     		pop	{r4, pc}
 516              		.loc 1 117 1 view .LVU106
 517              		.cfi_endproc
 518              	.LFE143:
 520              		.section	.text.Car_ArcRight,"ax",%progbits
 521              		.align	1
 522              		.global	Car_ArcRight
 523              		.syntax unified
 524              		.thumb
 525              		.thumb_func
 527              	Car_ArcRight:
 528              	.LVL58:
 529              	.LFB144:
 118:Core/Src/motor.c **** 
 119:Core/Src/motor.c **** /* ļČĆļō£ļ¤¼ņÜ┤ ņÜ░ņäĀĒÜī: ņóī(ļ░öĻ╣ź)=outer, ņÜ░(ņĢłņ¬Į)=inner */
 120:Core/Src/motor.c **** void Car_ArcRight(uint8_t outer, uint8_t inner)
 121:Core/Src/motor.c **** {
 530              		.loc 1 121 1 is_stmt 1 view -0
 531              		.cfi_startproc
 532              		@ args = 0, pretend = 0, frame = 0
 533              		@ frame_needed = 0, uses_anonymous_args = 0
 534              		.loc 1 121 1 is_stmt 0 view .LVU108
 535 0000 10B5     		push	{r4, lr}
 536              	.LCFI7:
 537              		.cfi_def_cfa_offset 8
 538              		.cfi_offset 4, -8
 539              		.cfi_offset 14, -4
 540 0002 0C46     		mov	r4, r1
 122:Core/Src/motor.c ****     Motor_Left(clamp_speed(outer));
 541              		.loc 1 122 5 is_stmt 1 view .LVU109
 542 0004 FFF7FEFF 		bl	clamp_speed
 543              	.LVL59:
 544              		.loc 1 122 5 is_stmt 0 discriminator 1 view .LVU110
 545 0008 FFF7FEFF 		bl	Motor_Left
 546              	.LVL60:
 123:Core/Src/motor.c ****     Motor_Right(clamp_speed(inner));
 547              		.loc 1 123 5 is_stmt 1 view .LVU111
 548 000c 2046     		mov	r0, r4
 549 000e FFF7FEFF 		bl	clamp_speed
 550              	.LVL61:
 551              		.loc 1 123 5 is_stmt 0 discriminator 1 view .LVU112
 552 0012 FFF7FEFF 		bl	Motor_Right
 553              	.LVL62:
 124:Core/Src/motor.c **** }
 554              		.loc 1 124 1 view .LVU113
 555 0016 10BD     		pop	{r4, pc}
 556              		.loc 1 124 1 view .LVU114
 557              		.cfi_endproc
 558              	.LFE144:
 560              		.section	.text.Car_Stop,"ax",%progbits
 561              		.align	1
 562              		.global	Car_Stop
 563              		.syntax unified
 564              		.thumb
 565              		.thumb_func
 567              	Car_Stop:
ARM GAS  /tmp/cc3XlBzI.s 			page 13


 568              	.LFB145:
 125:Core/Src/motor.c **** 
 126:Core/Src/motor.c **** void Car_Stop(void)
 127:Core/Src/motor.c **** {
 569              		.loc 1 127 1 is_stmt 1 view -0
 570              		.cfi_startproc
 571              		@ args = 0, pretend = 0, frame = 0
 572              		@ frame_needed = 0, uses_anonymous_args = 0
 573 0000 10B5     		push	{r4, lr}
 574              	.LCFI8:
 575              		.cfi_def_cfa_offset 8
 576              		.cfi_offset 4, -8
 577              		.cfi_offset 14, -4
 128:Core/Src/motor.c ****     /* ĒĢĆļ│ä ĒÅ¼ĒŖĖ ļ¦żĒü¼ļĪ£ ņé¼ņÜ® (GPIOB ĒĢśļō£ņĮöļö® ŌåÆ ĒĢĆ ņØ┤ļÅÖ ņŗ£ ņØ╝ļČĆļ¦ī Ļ╣©ņ¦ĆļŖö ļ¼
 129:Core/Src/motor.c ****     HAL_GPIO_WritePin(Input1_GPIO_Port, Input1_Pin, GPIO_PIN_RESET);
 578              		.loc 1 129 5 view .LVU116
 579 0002 0F4C     		ldr	r4, .L41
 580 0004 0022     		movs	r2, #0
 581 0006 4FF48051 		mov	r1, #4096
 582 000a 2046     		mov	r0, r4
 583 000c FFF7FEFF 		bl	HAL_GPIO_WritePin
 584              	.LVL63:
 130:Core/Src/motor.c ****     HAL_GPIO_WritePin(Input2_GPIO_Port, Input2_Pin, GPIO_PIN_RESET);
 585              		.loc 1 130 5 view .LVU117
 586 0010 0022     		movs	r2, #0
 587 0012 4FF40051 		mov	r1, #8192
 588 0016 2046     		mov	r0, r4
 589 0018 FFF7FEFF 		bl	HAL_GPIO_WritePin
 590              	.LVL64:
 131:Core/Src/motor.c ****     HAL_GPIO_WritePin(Input3_GPIO_Port, Input3_Pin, GPIO_PIN_RESET);
 591              		.loc 1 131 5 view .LVU118
 592 001c 0022     		movs	r2, #0
 593 001e 4FF48041 		mov	r1, #16384
 594 0022 2046     		mov	r0, r4
 595 0024 FFF7FEFF 		bl	HAL_GPIO_WritePin
 596              	.LVL65:
 132:Core/Src/motor.c ****     HAL_GPIO_WritePin(Input4_GPIO_Port, Input4_Pin, GPIO_PIN_RESET);
 597              		.loc 1 132 5 view .LVU119
 598 0028 0022     		movs	r2, #0
 599 002a 4FF40041 		mov	r1, #32768
 600 002e 2046     		mov	r0, r4
 601 0030 FFF7FEFF 		bl	HAL_GPIO_WritePin
 602              	.LVL66:
 133:Core/Src/motor.c ****     __HAL_TIM_SET_COMPARE(&htim4, TIM_CHANNEL_1, 0);
 603              		.loc 1 133 5 view .LVU120
 604 0034 034B     		ldr	r3, .L41+4
 605 0036 1B68     		ldr	r3, [r3]
 606 0038 0022     		movs	r2, #0
 607 003a 5A63     		str	r2, [r3, #52]
 134:Core/Src/motor.c ****     __HAL_TIM_SET_COMPARE(&htim4, TIM_CHANNEL_2, 0);
 608              		.loc 1 134 5 view .LVU121
 609 003c 9A63     		str	r2, [r3, #56]
 135:Core/Src/motor.c **** }
 610              		.loc 1 135 1 is_stmt 0 view .LVU122
 611 003e 10BD     		pop	{r4, pc}
 612              	.L42:
 613              		.align	2
ARM GAS  /tmp/cc3XlBzI.s 			page 14


 614              	.L41:
 615 0040 00040240 		.word	1073873920
 616 0044 00000000 		.word	htim4
 617              		.cfi_endproc
 618              	.LFE145:
 620              		.section	.text.Motor_Init,"ax",%progbits
 621              		.align	1
 622              		.global	Motor_Init
 623              		.syntax unified
 624              		.thumb
 625              		.thumb_func
 627              	Motor_Init:
 628              	.LFB138:
  77:Core/Src/motor.c ****     HAL_TIM_PWM_Start(&htim4, TIM_CHANNEL_1);   /* ENA (ņÜ░ņĖĪ) */
 629              		.loc 1 77 1 is_stmt 1 view -0
 630              		.cfi_startproc
 631              		@ args = 0, pretend = 0, frame = 0
 632              		@ frame_needed = 0, uses_anonymous_args = 0
 633 0000 10B5     		push	{r4, lr}
 634              	.LCFI9:
 635              		.cfi_def_cfa_offset 8
 636              		.cfi_offset 4, -8
 637              		.cfi_offset 14, -4
  78:Core/Src/motor.c ****     HAL_TIM_PWM_Start(&htim4, TIM_CHANNEL_2);   /* ENB (ņóīņĖĪ) */
 638              		.loc 1 78 5 view .LVU124
 639 0002 064C     		ldr	r4, .L45
 640 0004 0021     		movs	r1, #0
 641 0006 2046     		mov	r0, r4
 642 0008 FFF7FEFF 		bl	HAL_TIM_PWM_Start
 643              	.LVL67:
  79:Core/Src/motor.c ****     Car_Stop();
 644              		.loc 1 79 5 view .LVU125
 645 000c 0421     		movs	r1, #4
 646 000e 2046     		mov	r0, r4
 647 0010 FFF7FEFF 		bl	HAL_TIM_PWM_Start
 648              	.LVL68:
  80:Core/Src/motor.c **** }
 649              		.loc 1 80 5 view .LVU126
 650 0014 FFF7FEFF 		bl	Car_Stop
 651              	.LVL69:
  81:Core/Src/motor.c **** 
 652              		.loc 1 81 1 is_stmt 0 view .LVU127
 653 0018 10BD     		pop	{r4, pc}
 654              	.L46:
 655 001a 00BF     		.align	2
 656              	.L45:
 657 001c 00000000 		.word	htim4
 658              		.cfi_endproc
 659              	.LFE138:
 661              		.section	.text.Car_Brake,"ax",%progbits
 662              		.align	1
 663              		.global	Car_Brake
 664              		.syntax unified
 665              		.thumb
 666              		.thumb_func
 668              	Car_Brake:
 669              	.LFB146:
ARM GAS  /tmp/cc3XlBzI.s 			page 15


 136:Core/Src/motor.c **** 
 137:Core/Src/motor.c **** /* ļŖźļÅÖ ņĀ£ļÅÖ (L298N short-brake): EN=H + IN1==IN2 ŌåÆ ļ¬©Ēä░ ņ¢æļŗ© ļŗ©ļØĮ ŌåÆ ņŚŁĻĖ░ņĀäļĀźņØ┤ 
 138:Core/Src/motor.c ****  * ņĀ£ļÅÖĒåĀĒü¼ļŖö ņåŹļÅäņŚÉ ļ╣äļĪĆ(ņ×ÉĻĖ░ņĀ£ĒĢ£)ļØ╝ ļ░░Ēä░ļ”¼ ņĀäņĢĢĻ│╝ ļ¼┤Ļ┤ĆĒĢśĻ▓ī ļÅÖņØ╝ ņŗ£Ļ░ä
 139:Core/Src/motor.c ****  * Ļ│╝ņĀ£ļÅÖ/ĻĖ░ņ¢┤ ļ░▒ļ×śņŗ£ ļ¼ĖņĀ£ ņŚåņØī. ņł£ņä£ ņżæņÜö: INņØä ļ©╝ņĀĆ ņĀäļČĆ LOWļĪ£ ļé┤ļ”░ *ļÆż*
 140:Core/Src/motor.c ****  * ņł£Ļ░ä ņĀäņ¦ä ĻĄ¼ļÅÖņØ┤ ņāØĻĖ░ņ¦Ć ņĢŖņØī. ņĮöņŖżĒŖĖĻ░Ć ĒĢäņÜöĒĢśļ®┤ Car_Stop() ņé¼ņÜ®(ĒÅ┤ĒŖĖ ĒĢĖ
 141:Core/Src/motor.c **** void Car_Brake(void)
 142:Core/Src/motor.c **** {
 670              		.loc 1 142 1 is_stmt 1 view -0
 671              		.cfi_startproc
 672              		@ args = 0, pretend = 0, frame = 0
 673              		@ frame_needed = 0, uses_anonymous_args = 0
 674 0000 10B5     		push	{r4, lr}
 675              	.LCFI10:
 676              		.cfi_def_cfa_offset 8
 677              		.cfi_offset 4, -8
 678              		.cfi_offset 14, -4
 143:Core/Src/motor.c ****     HAL_GPIO_WritePin(Input1_GPIO_Port, Input1_Pin, GPIO_PIN_RESET);
 679              		.loc 1 143 5 view .LVU129
 680 0002 104C     		ldr	r4, .L49
 681 0004 0022     		movs	r2, #0
 682 0006 4FF48051 		mov	r1, #4096
 683 000a 2046     		mov	r0, r4
 684 000c FFF7FEFF 		bl	HAL_GPIO_WritePin
 685              	.LVL70:
 144:Core/Src/motor.c ****     HAL_GPIO_WritePin(Input2_GPIO_Port, Input2_Pin, GPIO_PIN_RESET);
 686              		.loc 1 144 5 view .LVU130
 687 0010 0022     		movs	r2, #0
 688 0012 4FF40051 		mov	r1, #8192
 689 0016 2046     		mov	r0, r4
 690 0018 FFF7FEFF 		bl	HAL_GPIO_WritePin
 691              	.LVL71:
 145:Core/Src/motor.c ****     HAL_GPIO_WritePin(Input3_GPIO_Port, Input3_Pin, GPIO_PIN_RESET);
 692              		.loc 1 145 5 view .LVU131
 693 001c 0022     		movs	r2, #0
 694 001e 4FF48041 		mov	r1, #16384
 695 0022 2046     		mov	r0, r4
 696 0024 FFF7FEFF 		bl	HAL_GPIO_WritePin
 697              	.LVL72:
 146:Core/Src/motor.c ****     HAL_GPIO_WritePin(Input4_GPIO_Port, Input4_Pin, GPIO_PIN_RESET);
 698              		.loc 1 146 5 view .LVU132
 699 0028 0022     		movs	r2, #0
 700 002a 4FF40041 		mov	r1, #32768
 701 002e 2046     		mov	r0, r4
 702 0030 FFF7FEFF 		bl	HAL_GPIO_WritePin
 703              	.LVL73:
 147:Core/Src/motor.c ****     __HAL_TIM_SET_COMPARE(&htim4, TIM_CHANNEL_1, MOTOR_CCR_FULL);
 704              		.loc 1 147 5 view .LVU133
 705 0034 044B     		ldr	r3, .L49+4
 706 0036 1B68     		ldr	r3, [r3]
 707 0038 4FF47A72 		mov	r2, #1000
 708 003c 5A63     		str	r2, [r3, #52]
 148:Core/Src/motor.c ****     __HAL_TIM_SET_COMPARE(&htim4, TIM_CHANNEL_2, MOTOR_CCR_FULL);
 709              		.loc 1 148 5 view .LVU134
 710 003e 9A63     		str	r2, [r3, #56]
 149:Core/Src/motor.c **** }
 711              		.loc 1 149 1 is_stmt 0 view .LVU135
 712 0040 10BD     		pop	{r4, pc}
ARM GAS  /tmp/cc3XlBzI.s 			page 16


 713              	.L50:
 714 0042 00BF     		.align	2
 715              	.L49:
 716 0044 00040240 		.word	1073873920
 717 0048 00000000 		.word	htim4
 718              		.cfi_endproc
 719              	.LFE146:
 721              		.text
 722              	.Letext0:
 723              		.file 2 "/usr/lib/gcc/arm-none-eabi/13.2.1/include/stdint.h"
 724              		.file 3 "Drivers/CMSIS/Device/ST/STM32F4xx/Include/stm32f411xe.h"
 725              		.file 4 "Drivers/STM32F4xx_HAL_Driver/Inc/stm32f4xx_hal_def.h"
 726              		.file 5 "Drivers/STM32F4xx_HAL_Driver/Inc/stm32f4xx_hal_gpio.h"
 727              		.file 6 "Drivers/STM32F4xx_HAL_Driver/Inc/stm32f4xx_hal_dma.h"
 728              		.file 7 "Drivers/STM32F4xx_HAL_Driver/Inc/stm32f4xx_hal_tim.h"
 729              		.file 8 "Core/Inc/tim.h"
ARM GAS  /tmp/cc3XlBzI.s 			page 17


DEFINED SYMBOLS
                            *ABS*:00000000 motor.c
     /tmp/cc3XlBzI.s:21     .text.pct_to_ccr:00000000 $t
     /tmp/cc3XlBzI.s:26     .text.pct_to_ccr:00000000 pct_to_ccr
     /tmp/cc3XlBzI.s:56     .text.clamp_speed:00000000 $t
     /tmp/cc3XlBzI.s:61     .text.clamp_speed:00000000 clamp_speed
     /tmp/cc3XlBzI.s:86     .text.Motor_Left:00000000 $t
     /tmp/cc3XlBzI.s:92     .text.Motor_Left:00000000 Motor_Left
     /tmp/cc3XlBzI.s:189    .text.Motor_Left:0000006c $d
     /tmp/cc3XlBzI.s:195    .text.Motor_Right:00000000 $t
     /tmp/cc3XlBzI.s:201    .text.Motor_Right:00000000 Motor_Right
     /tmp/cc3XlBzI.s:298    .text.Motor_Right:0000006c $d
     /tmp/cc3XlBzI.s:304    .text.Car_Forward:00000000 $t
     /tmp/cc3XlBzI.s:310    .text.Car_Forward:00000000 Car_Forward
     /tmp/cc3XlBzI.s:344    .text.Car_Backward:00000000 $t
     /tmp/cc3XlBzI.s:350    .text.Car_Backward:00000000 Car_Backward
     /tmp/cc3XlBzI.s:385    .text.Car_PivotLeft:00000000 $t
     /tmp/cc3XlBzI.s:391    .text.Car_PivotLeft:00000000 Car_PivotLeft
     /tmp/cc3XlBzI.s:433    .text.Car_PivotRight:00000000 $t
     /tmp/cc3XlBzI.s:439    .text.Car_PivotRight:00000000 Car_PivotRight
     /tmp/cc3XlBzI.s:478    .text.Car_ArcLeft:00000000 $t
     /tmp/cc3XlBzI.s:484    .text.Car_ArcLeft:00000000 Car_ArcLeft
     /tmp/cc3XlBzI.s:521    .text.Car_ArcRight:00000000 $t
     /tmp/cc3XlBzI.s:527    .text.Car_ArcRight:00000000 Car_ArcRight
     /tmp/cc3XlBzI.s:561    .text.Car_Stop:00000000 $t
     /tmp/cc3XlBzI.s:567    .text.Car_Stop:00000000 Car_Stop
     /tmp/cc3XlBzI.s:615    .text.Car_Stop:00000040 $d
     /tmp/cc3XlBzI.s:621    .text.Motor_Init:00000000 $t
     /tmp/cc3XlBzI.s:627    .text.Motor_Init:00000000 Motor_Init
     /tmp/cc3XlBzI.s:657    .text.Motor_Init:0000001c $d
     /tmp/cc3XlBzI.s:662    .text.Car_Brake:00000000 $t
     /tmp/cc3XlBzI.s:668    .text.Car_Brake:00000000 Car_Brake
     /tmp/cc3XlBzI.s:716    .text.Car_Brake:00000044 $d
                           .group:00000000 wm4.0.2990dd1d9de167bdf17825c6c7518e18
                           .group:00000000 wm4.stm32f4xx_hal_conf.h.25.0e66e2bdd1e693edb8cfdc624d1a6bd4
                           .group:00000000 wm4.stm32f4xx.h.38.63e3ea23bd63a94457417730025259b6
                           .group:00000000 wm4.stm32f411xe.h.34.f2908321cbbda12187706c23063bbc28
                           .group:00000000 wm4.stdint.h.29.6d480f4ba0f60596e88234283d42444f
                           .group:00000000 wm4.cmsis_version.h.32.0ac195c83bb4537824e6ad1c47474b79
                           .group:00000000 wm4.core_cm4.h.66.e4ff136c4a17abc46741866f64f8e729
                           .group:00000000 wm4.cmsis_gcc.h.26.498d0ad17a45fc9ef20fdc01caf02259
                           .group:00000000 wm4.core_cm4.h.174.62be9b4588d49bed18171771001331df
                           .group:00000000 wm4.mpu_armv7.h.32.83326921a797fa9d6f70449916b4b839
                           .group:00000000 wm4.stm32f411xe.h.636.37cf950cfbbaac9e193dbe2b79c3e749
                           .group:00000000 wm4.stm32f4xx.h.195.a4b8bf80f37cc96981498656ffe5f588
                           .group:00000000 wm4.stm32_hal_legacy.h.22.8b7d303dc46a0b7ac6d3edf19ce2608d
                           .group:00000000 wm4.stddef.h.39.0dc9006b34572d4d9cae4c8b422c4971
                           .group:00000000 wm4.stm32f4xx_hal_def.h.58.3cb484e92e5ccf2e55312a4714e27917
                           .group:00000000 wm4.stm32f4xx_hal_rcc_ex.h.20.6bc7ed2ae7969e22afc815a811faa8ee
                           .group:00000000 wm4.stm32f4xx_hal_rcc.h.106.0887cf5d985ae88e345b0aed0ceb4729
                           .group:00000000 wm4.stm32f4xx_hal_gpio.h.21.22da6a14b6049d6ac156577be74df1d7
                           .group:00000000 wm4.stm32f4xx_hal_gpio_ex.h.21.985b1076fbcb2c3eb806d02fd771d120
                           .group:00000000 wm4.stm32f4xx_hal_gpio.h.254.d7e07832f748fe8bcb575db0b8373592
                           .group:00000000 wm4.stm32f4xx_hal_exti.h.21.2ccac119fb1c64adeb682c3dcad90241
                           .group:00000000 wm4.stm32f4xx_hal_dma.h.21.8e4b1421c914345c23be719e5e528779
                           .group:00000000 wm4.stm32f4xx_hal_dma.h.720.ac2d7eef74792e4026acc4d2923c5da4
                           .group:00000000 wm4.stm32f4xx_hal_cortex.h.20.03673e4f79386680bf73ba399c19306b
ARM GAS  /tmp/cc3XlBzI.s 			page 18


                           .group:00000000 wm4.stm32f4xx_hal_flash.h.20.2f1e0d1b7010b3a81a7980aaf712e7e5
                           .group:00000000 wm4.stm32f4xx_hal_flash_ex.h.20.2abe4a01ce8028804a922735defa62fd
                           .group:00000000 wm4.stm32f4xx_hal_flash.h.361.23bc19b9eac79b0956d913651841ede8
                           .group:00000000 wm4.stm32f4xx_hal_i2c.h.21.147e96a27b1f7b1f2f8ee22132703ee3
                           .group:00000000 wm4.stm32f4xx_hal_i2c_ex.h.21.951ef5bfa13cf131d2015c338e82e461
                           .group:00000000 wm4.stm32f4xx_hal_i2c.h.647.ade9c3447780b1cc0ece02f0ce83aedc
                           .group:00000000 wm4.stm32f4xx_hal_iwdg.h.21.6227ccfbb99238d6637d6fd22341e211
                           .group:00000000 wm4.stm32f4xx_hal_pwr.h.20.1905a0783a9c83adefd7df0c4b501e40
                           .group:00000000 wm4.stm32f4xx_hal_pwr_ex.h.20.68994c4c23e76d9aeabea12988d5ec3f
                           .group:00000000 wm4.stm32f4xx_hal_pwr.h.338.debc0a4a62ba54688e63ab53dd99c4ea
                           .group:00000000 wm4.stm32f4xx_hal_tim.h.21.c31cbc03c25f07a932427770396c59d2
                           .group:00000000 wm4.stm32f4xx_hal_tim_ex.h.21.918fa7fcd405cc3ba11632ed1d07a240
                           .group:00000000 wm4.stm32f4xx_hal_uart.h.21.ba8e24dd05c77faac3f3d48472e636ba
                           .group:00000000 wm4.stm32f4xx_hal.h.71.02372bc31d47d29d3f67fbfe1429649e
                           .group:00000000 wm4.main.h.66.d4d281037744f6f3dbef7ed1ab6c26f3

UNDEFINED SYMBOLS
HAL_GPIO_WritePin
htim4
HAL_TIM_PWM_Start
